[2013-02-24 14:25:33] request.ERROR: Symfony\Component\HttpKernel\Exception\NotFoundHttpException: No route found for "GET /" (uncaught exception) at /Users/Nicolas/Sites/guitar/vendor/symfony/symfony/src/Symfony/Component/HttpKernel/EventListener/RouterListener.php line 92 [] []
[2013-02-24 15:56:44] request.ERROR: Symfony\Component\HttpKernel\Exception\NotFoundHttpException: No route found for "GET /js/bootstrap-typeahead.js" (uncaught exception) at /Users/Nicolas/Sites/guitar/vendor/symfony/symfony/src/Symfony/Component/HttpKernel/EventListener/RouterListener.php line 92 [] []
[2013-02-24 15:56:44] request.ERROR: Symfony\Component\HttpKernel\Exception\NotFoundHttpException: No route found for "GET /css/bootstrap-responsive.css" (uncaught exception) at /Users/Nicolas/Sites/guitar/vendor/symfony/symfony/src/Symfony/Component/HttpKernel/EventListener/RouterListener.php line 92 [] []
[2013-02-24 15:56:44] request.ERROR: Symfony\Component\HttpKernel\Exception\NotFoundHttpException: No route found for "GET /js/jquery.js" (uncaught exception) at /Users/Nicolas/Sites/guitar/vendor/symfony/symfony/src/Symfony/Component/HttpKernel/EventListener/RouterListener.php line 92 [] []
[2013-02-24 15:56:44] request.ERROR: Symfony\Component\HttpKernel\Exception\NotFoundHttpException: No route found for "GET /js/bootstrap-carousel.js" (uncaught exception) at /Users/Nicolas/Sites/guitar/vendor/symfony/symfony/src/Symfony/Component/HttpKernel/EventListener/RouterListener.php line 92 [] []
[2013-02-24 15:56:44] request.ERROR: Symfony\Component\HttpKernel\Exception\NotFoundHttpException: No route found for "GET /js/bootstrap-button.js" (uncaught exception) at /Users/Nicolas/Sites/guitar/vendor/symfony/symfony/src/Symfony/Component/HttpKernel/EventListener/RouterListener.php line 92 [] []
[2013-02-24 15:56:44] request.ERROR: Symfony\Component\HttpKernel\Exception\NotFoundHttpException: No route found for "GET /js/bootstrap-popover.js" (uncaught exception) at /Users/Nicolas/Sites/guitar/app/cache/prod/classes.php line 5135 [] []
[2013-02-24 15:56:44] request.ERROR: Symfony\Component\HttpKernel\Exception\NotFoundHttpException: No route found for "GET /js/bootstrap-collapse.js" (uncaught exception) at /Users/Nicolas/Sites/guitar/vendor/symfony/symfony/src/Symfony/Component/HttpKernel/EventListener/RouterListener.php line 92 [] []
[2013-02-24 15:56:44] request.ERROR: Symfony\Component\HttpKernel\Exception\NotFoundHttpException: No route found for "GET /js/bootstrap-tooltip.js" (uncaught exception) at /Users/Nicolas/Sites/guitar/app/cache/prod/classes.php line 5135 [] []
[2013-02-24 15:56:44] request.ERROR: Symfony\Component\HttpKernel\Exception\NotFoundHttpException: No route found for "GET /js/bootstrap-tab.js" (uncaught exception) at /Users/Nicolas/Sites/guitar/app/cache/prod/classes.php line 5135 [] []
[2013-02-24 15:56:44] request.ERROR: Symfony\Component\HttpKernel\Exception\NotFoundHttpException: No route found for "GET /js/bootstrap-transition.js" (uncaught exception) at /Users/Nicolas/Sites/guitar/app/cache/prod/classes.php line 5135 [] []
[2013-02-24 15:56:44] request.ERROR: Symfony\Component\HttpKernel\Exception\NotFoundHttpException: No route found for "GET /js/bootstrap-modal.js" (uncaught exception) at /Users/Nicolas/Sites/guitar/app/cache/prod/classes.php line 5135 [] []
[2013-02-24 15:56:44] request.ERROR: Symfony\Component\HttpKernel\Exception\NotFoundHttpException: No route found for "GET /js/bootstrap-scrollspy.js" (uncaught exception) at /Users/Nicolas/Sites/guitar/app/cache/prod/classes.php line 5135 [] []
[2013-02-24 15:56:44] request.ERROR: Symfony\Component\HttpKernel\Exception\NotFoundHttpException: No route found for "GET /js/bootstrap-alert.js" (uncaught exception) at /Users/Nicolas/Sites/guitar/app/cache/prod/classes.php line 5135 [] []
[2013-02-24 15:56:44] request.ERROR: Symfony\Component\HttpKernel\Exception\NotFoundHttpException: No route found for "GET /js/bootstrap-dropdown.js" (uncaught exception) at /Users/Nicolas/Sites/guitar/app/cache/prod/classes.php line 5135 [] []
[2013-02-24 15:56:49] request.ERROR: Symfony\Component\HttpKernel\Exception\NotFoundHttpException: No route found for "GET /css/bootstrap-responsive.css" (uncaught exception) at /Users/Nicolas/Sites/guitar/app/cache/prod/classes.php line 5135 [] []
[2013-02-24 15:56:49] request.ERROR: Symfony\Component\HttpKernel\Exception\NotFoundHttpException: No route found for "GET /js/bootstrap-typeahead.js" (uncaught exception) at /Users/Nicolas/Sites/guitar/app/cache/prod/classes.php line 5135 [] []
[2013-02-24 15:56:49] request.ERROR: Symfony\Component\HttpKernel\Exception\NotFoundHttpException: No route found for "GET /js/bootstrap-carousel.js" (uncaught exception) at /Users/Nicolas/Sites/guitar/app/cache/prod/classes.php line 5135 [] []
[2013-02-24 15:56:49] request.ERROR: Symfony\Component\HttpKernel\Exception\NotFoundHttpException: No route found for "GET /js/bootstrap-button.js" (uncaught exception) at /Users/Nicolas/Sites/guitar/app/cache/prod/classes.php line 5135 [] []
[2013-02-24 15:56:49] request.ERROR: Symfony\Component\HttpKernel\Exception\NotFoundHttpException: No route found for "GET /js/bootstrap-collapse.js" (uncaught exception) at /Users/Nicolas/Sites/guitar/app/cache/prod/classes.php line 5135 [] []
[2013-02-24 15:56:49] request.ERROR: Symfony\Component\HttpKernel\Exception\NotFoundHttpException: No route found for "GET /js/bootstrap-tab.js" (uncaught exception) at /Users/Nicolas/Sites/guitar/app/cache/prod/classes.php line 5135 [] []
[2013-02-24 15:56:49] request.ERROR: Symfony\Component\HttpKernel\Exception\NotFoundHttpException: No route found for "GET /js/bootstrap-scrollspy.js" (uncaught exception) at /Users/Nicolas/Sites/guitar/app/cache/prod/classes.php line 5135 [] []
[2013-02-24 15:56:49] request.ERROR: Symfony\Component\HttpKernel\Exception\NotFoundHttpException: No route found for "GET /js/bootstrap-popover.js" (uncaught exception) at /Users/Nicolas/Sites/guitar/app/cache/prod/classes.php line 5135 [] []
[2013-02-24 15:56:49] request.ERROR: Symfony\Component\HttpKernel\Exception\NotFoundHttpException: No route found for "GET /js/bootstrap-tooltip.js" (uncaught exception) at /Users/Nicolas/Sites/guitar/app/cache/prod/classes.php line 5135 [] []
[2013-02-24 15:56:49] request.ERROR: Symfony\Component\HttpKernel\Exception\NotFoundHttpException: No route found for "GET /js/bootstrap-transition.js" (uncaught exception) at /Users/Nicolas/Sites/guitar/app/cache/prod/classes.php line 5135 [] []
[2013-02-24 15:56:49] request.ERROR: Symfony\Component\HttpKernel\Exception\NotFoundHttpException: No route found for "GET /js/bootstrap-alert.js" (uncaught exception) at /Users/Nicolas/Sites/guitar/app/cache/prod/classes.php line 5135 [] []
[2013-02-24 15:56:49] request.ERROR: Symfony\Component\HttpKernel\Exception\NotFoundHttpException: No route found for "GET /js/bootstrap-modal.js" (uncaught exception) at /Users/Nicolas/Sites/guitar/app/cache/prod/classes.php line 5135 [] []
[2013-02-24 15:56:49] request.ERROR: Symfony\Component\HttpKernel\Exception\NotFoundHttpException: No route found for "GET /js/jquery.js" (uncaught exception) at /Users/Nicolas/Sites/guitar/app/cache/prod/classes.php line 5135 [] []
[2013-02-24 15:56:49] request.ERROR: Symfony\Component\HttpKernel\Exception\NotFoundHttpException: No route found for "GET /js/bootstrap-dropdown.js" (uncaught exception) at /Users/Nicolas/Sites/guitar/app/cache/prod/classes.php line 5135 [] []
[2013-02-24 15:56:49] request.ERROR: Symfony\Component\HttpKernel\Exception\NotFoundHttpException: No route found for "GET /css/bootstrap-responsive.css" (uncaught exception) at /Users/Nicolas/Sites/guitar/app/cache/prod/classes.php line 5135 [] []
[2013-02-24 15:56:49] request.ERROR: Symfony\Component\HttpKernel\Exception\NotFoundHttpException: No route found for "GET /js/jquery.js" (uncaught exception) at /Users/Nicolas/Sites/guitar/app/cache/prod/classes.php line 5135 [] []
[2013-02-24 15:56:49] request.ERROR: Symfony\Component\HttpKernel\Exception\NotFoundHttpException: No route found for "GET /js/bootstrap-dropdown.js" (uncaught exception) at /Users/Nicolas/Sites/guitar/app/cache/prod/classes.php line 5135 [] []
[2013-02-24 15:57:17] request.ERROR: Symfony\Component\HttpKernel\Exception\NotFoundHttpException: No route found for "GET /css/bootstrap-responsive.css" (uncaught exception) at /Users/Nicolas/Sites/guitar/app/cache/prod/classes.php line 5135 [] []
[2013-02-24 15:57:17] request.ERROR: Symfony\Component\HttpKernel\Exception\NotFoundHttpException: No route found for "GET /js/bootstrap-alert.js" (uncaught exception) at /Users/Nicolas/Sites/guitar/app/cache/prod/classes.php line 5135 [] []
[2013-02-24 15:57:17] request.ERROR: Symfony\Component\HttpKernel\Exception\NotFoundHttpException: No route found for "GET /js/bootstrap-transition.js" (uncaught exception) at /Users/Nicolas/Sites/guitar/app/cache/prod/classes.php line 5135 [] []
[2013-02-24 15:57:17] request.ERROR: Symfony\Component\HttpKernel\Exception\NotFoundHttpException: No route found for "GET /js/bootstrap-dropdown.js" (uncaught exception) at /Users/Nicolas/Sites/guitar/app/cache/prod/classes.php line 5135 [] []
[2013-02-24 15:57:17] request.ERROR: Symfony\Component\HttpKernel\Exception\NotFoundHttpException: No route found for "GET /js/bootstrap-modal.js" (uncaught exception) at /Users/Nicolas/Sites/guitar/app/cache/prod/classes.php line 5135 [] []
[2013-02-24 15:57:17] request.ERROR: Symfony\Component\HttpKernel\Exception\NotFoundHttpException: No route found for "GET /js/jquery.js" (uncaught exception) at /Users/Nicolas/Sites/guitar/app/cache/prod/classes.php line 5135 [] []
[2013-02-24 15:57:17] request.ERROR: Symfony\Component\HttpKernel\Exception\NotFoundHttpException: No route found for "GET /js/bootstrap-typeahead.js" (uncaught exception) at /Users/Nicolas/Sites/guitar/app/cache/prod/classes.php line 5135 [] []
[2013-02-24 15:57:17] request.ERROR: Symfony\Component\HttpKernel\Exception\NotFoundHttpException: No route found for "GET /js/bootstrap-popover.js" (uncaught exception) at /Users/Nicolas/Sites/guitar/app/cache/prod/classes.php line 5135 [] []
[2013-02-24 15:57:17] request.ERROR: Symfony\Component\HttpKernel\Exception\NotFoundHttpException: No route found for "GET /js/bootstrap-button.js" (uncaught exception) at /Users/Nicolas/Sites/guitar/app/cache/prod/classes.php line 5135 [] []
[2013-02-24 15:57:17] request.ERROR: Symfony\Component\HttpKernel\Exception\NotFoundHttpException: No route found for "GET /js/bootstrap-carousel.js" (uncaught exception) at /Users/Nicolas/Sites/guitar/app/cache/prod/classes.php line 5135 [] []
[2013-02-24 15:57:17] request.ERROR: Symfony\Component\HttpKernel\Exception\NotFoundHttpException: No route found for "GET /js/bootstrap-tooltip.js" (uncaught exception) at /Users/Nicolas/Sites/guitar/app/cache/prod/classes.php line 5135 [] []
[2013-02-24 15:57:17] request.ERROR: Symfony\Component\HttpKernel\Exception\NotFoundHttpException: No route found for "GET /js/bootstrap-collapse.js" (uncaught exception) at /Users/Nicolas/Sites/guitar/app/cache/prod/classes.php line 5135 [] []
[2013-02-24 15:57:17] request.ERROR: Symfony\Component\HttpKernel\Exception\NotFoundHttpException: No route found for "GET /js/bootstrap-tab.js" (uncaught exception) at /Users/Nicolas/Sites/guitar/app/cache/prod/classes.php line 5135 [] []
[2013-02-24 15:57:17] request.ERROR: Symfony\Component\HttpKernel\Exception\NotFoundHttpException: No route found for "GET /js/bootstrap-scrollspy.js" (uncaught exception) at /Users/Nicolas/Sites/guitar/app/cache/prod/classes.php line 5135 [] []
[2013-02-24 15:57:26] request.ERROR: Symfony\Component\HttpKernel\Exception\NotFoundHttpException: No route found for "GET /css/bootstrap-responsive.css" (uncaught exception) at /Users/Nicolas/Sites/guitar/app/cache/prod/classes.php line 5135 [] []
[2013-02-24 15:58:55] request.ERROR: Symfony\Component\HttpKernel\Exception\NotFoundHttpException: No route found for "GET /js/bootstrap-carousel.js" (uncaught exception) at /Users/Nicolas/Sites/guitar/app/cache/prod/classes.php line 5135 [] []
[2013-02-24 15:58:55] request.ERROR: Symfony\Component\HttpKernel\Exception\NotFoundHttpException: No route found for "GET /js/bootstrap-typeahead.js" (uncaught exception) at /Users/Nicolas/Sites/guitar/app/cache/prod/classes.php line 5135 [] []
[2013-02-24 15:58:55] request.ERROR: Symfony\Component\HttpKernel\Exception\NotFoundHttpException: No route found for "GET /js/bootstrap-button.js" (uncaught exception) at /Users/Nicolas/Sites/guitar/app/cache/prod/classes.php line 5135 [] []
[2013-02-24 15:58:55] request.ERROR: Symfony\Component\HttpKernel\Exception\NotFoundHttpException: No route found for "GET /js/bootstrap-dropdown.js" (uncaught exception) at /Users/Nicolas/Sites/guitar/app/cache/prod/classes.php line 5135 [] []
[2013-02-24 15:58:55] request.ERROR: Symfony\Component\HttpKernel\Exception\NotFoundHttpException: No route found for "GET /js/bootstrap-scrollspy.js" (uncaught exception) at /Users/Nicolas/Sites/guitar/app/cache/prod/classes.php line 5135 [] []
[2013-02-24 15:58:55] request.ERROR: Symfony\Component\HttpKernel\Exception\NotFoundHttpException: No route found for "GET /js/bootstrap-popover.js" (uncaught exception) at /Users/Nicolas/Sites/guitar/app/cache/prod/classes.php line 5135 [] []
[2013-02-24 15:58:56] request.ERROR: Symfony\Component\HttpKernel\Exception\NotFoundHttpException: No route found for "GET /js/bootstrap-tooltip.js" (uncaught exception) at /Users/Nicolas/Sites/guitar/app/cache/prod/classes.php line 5135 [] []
[2013-02-24 15:58:56] request.ERROR: Symfony\Component\HttpKernel\Exception\NotFoundHttpException: No route found for "GET /js/bootstrap-tab.js" (uncaught exception) at /Users/Nicolas/Sites/guitar/app/cache/prod/classes.php line 5135 [] []
[2013-02-24 15:58:56] request.ERROR: Symfony\Component\HttpKernel\Exception\NotFoundHttpException: No route found for "GET /js/bootstrap-alert.js" (uncaught exception) at /Users/Nicolas/Sites/guitar/app/cache/prod/classes.php line 5135 [] []
[2013-02-24 15:58:56] request.ERROR: Symfony\Component\HttpKernel\Exception\NotFoundHttpException: No route found for "GET /js/jquery.js" (uncaught exception) at /Users/Nicolas/Sites/guitar/app/cache/prod/classes.php line 5135 [] []
[2013-02-24 15:58:56] request.ERROR: Symfony\Component\HttpKernel\Exception\NotFoundHttpException: No route found for "GET /js/bootstrap-collapse.js" (uncaught exception) at /Users/Nicolas/Sites/guitar/app/cache/prod/classes.php line 5135 [] []
[2013-02-24 15:58:56] request.ERROR: Symfony\Component\HttpKernel\Exception\NotFoundHttpException: No route found for "GET /js/bootstrap-modal.js" (uncaught exception) at /Users/Nicolas/Sites/guitar/app/cache/prod/classes.php line 5135 [] []
[2013-02-24 15:58:56] request.ERROR: Symfony\Component\HttpKernel\Exception\NotFoundHttpException: No route found for "GET /js/bootstrap-transition.js" (uncaught exception) at /Users/Nicolas/Sites/guitar/app/cache/prod/classes.php line 5135 [] []
[2013-02-24 15:58:56] request.ERROR: Symfony\Component\HttpKernel\Exception\NotFoundHttpException: No route found for "GET /css/bootstrap-responsive.css" (uncaught exception) at /Users/Nicolas/Sites/guitar/app/cache/prod/classes.php line 5135 [] []
[2013-02-24 16:00:00] request.ERROR: Symfony\Component\HttpKernel\Exception\NotFoundHttpException: No route found for "GET /web/nikoguitar/css/bootstrap.css" (uncaught exception) at /Users/Nicolas/Sites/guitar/app/cache/prod/classes.php line 5135 [] []
[2013-02-24 16:00:16] request.ERROR: Symfony\Component\HttpKernel\Exception\NotFoundHttpException: No route found for "GET /web/css/bootstrap.css" (uncaught exception) at /Users/Nicolas/Sites/guitar/app/cache/prod/classes.php line 5135 [] []
[2013-02-24 16:01:29] request.ERROR: Symfony\Component\HttpKernel\Exception\NotFoundHttpException: No route found for "GET /js/bootstrap-collapse.js" (uncaught exception) at /Users/Nicolas/Sites/guitar/app/cache/prod/classes.php line 5135 [] []
[2013-02-24 16:01:29] request.ERROR: Symfony\Component\HttpKernel\Exception\NotFoundHttpException: No route found for "GET /js/bootstrap-popover.js" (uncaught exception) at /Users/Nicolas/Sites/guitar/app/cache/prod/classes.php line 5135 [] []
[2013-02-24 16:01:29] request.ERROR: Symfony\Component\HttpKernel\Exception\NotFoundHttpException: No route found for "GET /js/bootstrap-typeahead.js" (uncaught exception) at /Users/Nicolas/Sites/guitar/app/cache/prod/classes.php line 5135 [] []
[2013-02-24 16:01:30] request.ERROR: Symfony\Component\HttpKernel\Exception\NotFoundHttpException: No route found for "GET /js/bootstrap-button.js" (uncaught exception) at /Users/Nicolas/Sites/guitar/app/cache/prod/classes.php line 5135 [] []
[2013-02-24 16:01:30] request.ERROR: Symfony\Component\HttpKernel\Exception\NotFoundHttpException: No route found for "GET /js/bootstrap-tooltip.js" (uncaught exception) at /Users/Nicolas/Sites/guitar/app/cache/prod/classes.php line 5135 [] []
[2013-02-24 16:01:30] request.ERROR: Symfony\Component\HttpKernel\Exception\NotFoundHttpException: No route found for "GET /js/bootstrap-carousel.js" (uncaught exception) at /Users/Nicolas/Sites/guitar/app/cache/prod/classes.php line 5135 [] []
[2013-02-24 16:01:30] request.ERROR: Symfony\Component\HttpKernel\Exception\NotFoundHttpException: No route found for "GET /js/bootstrap-tab.js" (uncaught exception) at /Users/Nicolas/Sites/guitar/app/cache/prod/classes.php line 5135 [] []
[2013-02-24 16:01:30] request.ERROR: Symfony\Component\HttpKernel\Exception\NotFoundHttpException: No route found for "GET /js/bootstrap-scrollspy.js" (uncaught exception) at /Users/Nicolas/Sites/guitar/app/cache/prod/classes.php line 5135 [] []
[2013-02-24 16:01:30] request.ERROR: Symfony\Component\HttpKernel\Exception\NotFoundHttpException: No route found for "GET /js/bootstrap-dropdown.js" (uncaught exception) at /Users/Nicolas/Sites/guitar/app/cache/prod/classes.php line 5135 [] []
[2013-02-24 16:01:30] request.ERROR: Symfony\Component\HttpKernel\Exception\NotFoundHttpException: No route found for "GET /js/bootstrap-modal.js" (uncaught exception) at /Users/Nicolas/Sites/guitar/app/cache/prod/classes.php line 5135 [] []
[2013-02-24 16:01:30] request.ERROR: Symfony\Component\HttpKernel\Exception\NotFoundHttpException: No route found for "GET /js/bootstrap-transition.js" (uncaught exception) at /Users/Nicolas/Sites/guitar/app/cache/prod/classes.php line 5135 [] []
[2013-02-24 16:01:30] request.ERROR: Symfony\Component\HttpKernel\Exception\NotFoundHttpException: No route found for "GET /js/bootstrap-alert.js" (uncaught exception) at /Users/Nicolas/Sites/guitar/app/cache/prod/classes.php line 5135 [] []
[2013-02-24 16:01:30] request.ERROR: Symfony\Component\HttpKernel\Exception\NotFoundHttpException: No route found for "GET /css/bootstrap-responsive.css" (uncaught exception) at /Users/Nicolas/Sites/guitar/app/cache/prod/classes.php line 5135 [] []
[2013-02-24 16:01:30] request.ERROR: Symfony\Component\HttpKernel\Exception\NotFoundHttpException: No route found for "GET /css/bootstrap.css" (uncaught exception) at /Users/Nicolas/Sites/guitar/app/cache/prod/classes.php line 5135 [] []
[2013-02-24 16:01:30] request.ERROR: Symfony\Component\HttpKernel\Exception\NotFoundHttpException: No route found for "GET /js/jquery.js" (uncaught exception) at /Users/Nicolas/Sites/guitar/app/cache/prod/classes.php line 5135 [] []
[2013-02-24 16:02:40] request.ERROR: Symfony\Component\HttpKernel\Exception\NotFoundHttpException: No route found for "GET /css/bootstrap-responsive.css" (uncaught exception) at /Users/Nicolas/Sites/guitar/app/cache/prod/classes.php line 5135 [] []
[2013-02-24 16:02:40] request.ERROR: Symfony\Component\HttpKernel\Exception\NotFoundHttpException: No route found for "GET /js/bootstrap-popover.js" (uncaught exception) at /Users/Nicolas/Sites/guitar/app/cache/prod/classes.php line 5135 [] []
[2013-02-24 16:02:40] request.ERROR: Symfony\Component\HttpKernel\Exception\NotFoundHttpException: No route found for "GET /js/bootstrap-alert.js" (uncaught exception) at /Users/Nicolas/Sites/guitar/app/cache/prod/classes.php line 5135 [] []
[2013-02-24 16:02:40] request.ERROR: Symfony\Component\HttpKernel\Exception\NotFoundHttpException: No route found for "GET /js/bootstrap-modal.js" (uncaught exception) at /Users/Nicolas/Sites/guitar/app/cache/prod/classes.php line 5135 [] []
[2013-02-24 16:02:40] request.ERROR: Symfony\Component\HttpKernel\Exception\NotFoundHttpException: No route found for "GET /js/jquery.js" (uncaught exception) at /Users/Nicolas/Sites/guitar/app/cache/prod/classes.php line 5135 [] []
[2013-02-24 16:02:40] request.ERROR: Symfony\Component\HttpKernel\Exception\NotFoundHttpException: No route found for "GET /js/bootstrap-dropdown.js" (uncaught exception) at /Users/Nicolas/Sites/guitar/app/cache/prod/classes.php line 5135 [] []
[2013-02-24 16:02:40] request.ERROR: Symfony\Component\HttpKernel\Exception\NotFoundHttpException: No route found for "GET /js/bootstrap-transition.js" (uncaught exception) at /Users/Nicolas/Sites/guitar/app/cache/prod/classes.php line 5135 [] []
[2013-02-24 16:02:40] request.ERROR: Symfony\Component\HttpKernel\Exception\NotFoundHttpException: No route found for "GET /js/bootstrap-tab.js" (uncaught exception) at /Users/Nicolas/Sites/guitar/app/cache/prod/classes.php line 5135 [] []
[2013-02-24 16:02:40] request.ERROR: Symfony\Component\HttpKernel\Exception\NotFoundHttpException: No route found for "GET /js/bootstrap-collapse.js" (uncaught exception) at /Users/Nicolas/Sites/guitar/app/cache/prod/classes.php line 5135 [] []
[2013-02-24 16:02:40] request.ERROR: Symfony\Component\HttpKernel\Exception\NotFoundHttpException: No route found for "GET /js/bootstrap-typeahead.js" (uncaught exception) at /Users/Nicolas/Sites/guitar/app/cache/prod/classes.php line 5135 [] []
[2013-02-24 16:02:40] request.ERROR: Symfony\Component\HttpKernel\Exception\NotFoundHttpException: No route found for "GET /js/bootstrap-scrollspy.js" (uncaught exception) at /Users/Nicolas/Sites/guitar/app/cache/prod/classes.php line 5135 [] []
[2013-02-24 16:02:40] request.ERROR: Symfony\Component\HttpKernel\Exception\NotFoundHttpException: No route found for "GET /js/bootstrap-carousel.js" (uncaught exception) at /Users/Nicolas/Sites/guitar/app/cache/prod/classes.php line 5135 [] []
[2013-02-24 16:02:40] request.ERROR: Symfony\Component\HttpKernel\Exception\NotFoundHttpException: No route found for "GET /js/bootstrap-tooltip.js" (uncaught exception) at /Users/Nicolas/Sites/guitar/app/cache/prod/classes.php line 5135 [] []
[2013-02-24 16:02:40] request.ERROR: Symfony\Component\HttpKernel\Exception\NotFoundHttpException: No route found for "GET /js/bootstrap-button.js" (uncaught exception) at /Users/Nicolas/Sites/guitar/app/cache/prod/classes.php line 5135 [] []
[2013-02-24 16:03:12] request.ERROR: Symfony\Component\HttpKernel\Exception\NotFoundHttpException: No route found for "GET /js/bootstrap-tab.js" (uncaught exception) at /Users/Nicolas/Sites/guitar/app/cache/prod/classes.php line 5135 [] []
[2013-02-24 16:03:12] request.ERROR: Symfony\Component\HttpKernel\Exception\NotFoundHttpException: No route found for "GET /js/jquery.js" (uncaught exception) at /Users/Nicolas/Sites/guitar/app/cache/prod/classes.php line 5135 [] []
[2013-02-24 16:03:12] request.ERROR: Symfony\Component\HttpKernel\Exception\NotFoundHttpException: No route found for "GET /js/bootstrap-scrollspy.js" (uncaught exception) at /Users/Nicolas/Sites/guitar/app/cache/prod/classes.php line 5135 [] []
[2013-02-24 16:03:12] request.ERROR: Symfony\Component\HttpKernel\Exception\NotFoundHttpException: No route found for "GET /js/bootstrap-typeahead.js" (uncaught exception) at /Users/Nicolas/Sites/guitar/app/cache/prod/classes.php line 5135 [] []
[2013-02-24 16:03:13] request.ERROR: Symfony\Component\HttpKernel\Exception\NotFoundHttpException: No route found for "GET /js/bootstrap-popover.js" (uncaught exception) at /Users/Nicolas/Sites/guitar/app/cache/prod/classes.php line 5135 [] []
[2013-02-24 16:03:13] request.ERROR: Symfony\Component\HttpKernel\Exception\NotFoundHttpException: No route found for "GET /js/bootstrap-carousel.js" (uncaught exception) at /Users/Nicolas/Sites/guitar/app/cache/prod/classes.php line 5135 [] []
[2013-02-24 16:03:13] request.ERROR: Symfony\Component\HttpKernel\Exception\NotFoundHttpException: No route found for "GET /js/bootstrap-collapse.js" (uncaught exception) at /Users/Nicolas/Sites/guitar/app/cache/prod/classes.php line 5135 [] []
[2013-02-24 16:03:13] request.ERROR: Symfony\Component\HttpKernel\Exception\NotFoundHttpException: No route found for "GET /js/bootstrap-dropdown.js" (uncaught exception) at /Users/Nicolas/Sites/guitar/app/cache/prod/classes.php line 5135 [] []
[2013-02-24 16:03:13] request.ERROR: Symfony\Component\HttpKernel\Exception\NotFoundHttpException: No route found for "GET /js/bootstrap-modal.js" (uncaught exception) at /Users/Nicolas/Sites/guitar/app/cache/prod/classes.php line 5135 [] []
[2013-02-24 16:03:13] request.ERROR: Symfony\Component\HttpKernel\Exception\NotFoundHttpException: No route found for "GET /js/bootstrap-tooltip.js" (uncaught exception) at /Users/Nicolas/Sites/guitar/app/cache/prod/classes.php line 5135 [] []
[2013-02-24 16:03:13] request.ERROR: Symfony\Component\HttpKernel\Exception\NotFoundHttpException: No route found for "GET /js/bootstrap-button.js" (uncaught exception) at /Users/Nicolas/Sites/guitar/app/cache/prod/classes.php line 5135 [] []
[2013-02-24 16:03:13] request.ERROR: Symfony\Component\HttpKernel\Exception\NotFoundHttpException: No route found for "GET /js/bootstrap-alert.js" (uncaught exception) at /Users/Nicolas/Sites/guitar/app/cache/prod/classes.php line 5135 [] []
[2013-02-24 16:03:13] request.ERROR: Symfony\Component\HttpKernel\Exception\NotFoundHttpException: No route found for "GET /js/bootstrap-transition.js" (uncaught exception) at /Users/Nicolas/Sites/guitar/app/cache/prod/classes.php line 5135 [] []
[2013-02-24 16:05:12] request.ERROR: Symfony\Component\HttpKernel\Exception\NotFoundHttpException: No route found for "GET /bundles/nikoguitar/js/bootstrap-collapse.js" (uncaught exception) at /Users/Nicolas/Sites/guitar/app/cache/prod/classes.php line 5135 [] []
[2013-02-24 16:05:12] request.ERROR: Symfony\Component\HttpKernel\Exception\NotFoundHttpException: No route found for "GET /bundles/nikoguitar/js/bootstrap-popover.js" (uncaught exception) at /Users/Nicolas/Sites/guitar/app/cache/prod/classes.php line 5135 [] []
[2013-02-24 16:05:12] request.ERROR: Symfony\Component\HttpKernel\Exception\NotFoundHttpException: No route found for "GET /bundles/nikoguitar/js/bootstrap-tooltip.js" (uncaught exception) at /Users/Nicolas/Sites/guitar/app/cache/prod/classes.php line 5135 [] []
[2013-02-24 16:05:12] request.ERROR: Symfony\Component\HttpKernel\Exception\NotFoundHttpException: No route found for "GET /bundles/nikoguitar/js/bootstrap-typeahead.js" (uncaught exception) at /Users/Nicolas/Sites/guitar/app/cache/prod/classes.php line 5135 [] []
[2013-02-24 16:05:12] request.ERROR: Symfony\Component\HttpKernel\Exception\NotFoundHttpException: No route found for "GET /bundles/nikoguitar/js/bootstrap-carousel.js" (uncaught exception) at /Users/Nicolas/Sites/guitar/app/cache/prod/classes.php line 5135 [] []
[2013-02-24 16:05:12] request.ERROR: Symfony\Component\HttpKernel\Exception\NotFoundHttpException: No route found for "GET /bundles/nikoguitar/js/bootstrap-button.js" (uncaught exception) at /Users/Nicolas/Sites/guitar/app/cache/prod/classes.php line 5135 [] []
[2013-02-24 16:05:12] request.ERROR: Symfony\Component\HttpKernel\Exception\NotFoundHttpException: No route found for "GET /bundles/nikoguitar/js/bootstrap-scrollspy.js" (uncaught exception) at /Users/Nicolas/Sites/guitar/app/cache/prod/classes.php line 5135 [] []
[2013-02-24 16:05:12] request.ERROR: Symfony\Component\HttpKernel\Exception\NotFoundHttpException: No route found for "GET /bundles/nikoguitar/js/bootstrap-dropdown.js" (uncaught exception) at /Users/Nicolas/Sites/guitar/app/cache/prod/classes.php line 5135 [] []
[2013-02-24 16:05:12] request.ERROR: Symfony\Component\HttpKernel\Exception\NotFoundHttpException: No route found for "GET /bundles/nikoguitar/js/bootstrap-modal.js" (uncaught exception) at /Users/Nicolas/Sites/guitar/app/cache/prod/classes.php line 5135 [] []
[2013-02-24 16:05:12] request.ERROR: Symfony\Component\HttpKernel\Exception\NotFoundHttpException: No route found for "GET /bundles/nikoguitar/js/bootstrap-tab.js" (uncaught exception) at /Users/Nicolas/Sites/guitar/app/cache/prod/classes.php line 5135 [] []
[2013-02-24 16:05:12] request.ERROR: Symfony\Component\HttpKernel\Exception\NotFoundHttpException: No route found for "GET /bundles/nikoguitar/js/bootstrap-transition.js" (uncaught exception) at /Users/Nicolas/Sites/guitar/app/cache/prod/classes.php line 5135 [] []
[2013-02-24 16:05:12] request.ERROR: Symfony\Component\HttpKernel\Exception\NotFoundHttpException: No route found for "GET /bundles/nikoguitar/js/bootstrap-alert.js" (uncaught exception) at /Users/Nicolas/Sites/guitar/app/cache/prod/classes.php line 5135 [] []
[2013-02-24 16:05:12] request.ERROR: Symfony\Component\HttpKernel\Exception\NotFoundHttpException: No route found for "GET /bundles/nikoguitar/js/jquery.js" (uncaught exception) at /Users/Nicolas/Sites/guitar/app/cache/prod/classes.php line 5135 [] []
[2013-02-24 16:16:35] request.ERROR: Symfony\Component\HttpKernel\Exception\NotFoundHttpException: No route found for "GET /bundles/nikoguitar/js/bootstrap-tab.js" (uncaught exception) at /Users/Nicolas/Sites/guitar/app/cache/prod/classes.php line 5135 [] []
[2013-02-24 16:16:35] request.ERROR: Symfony\Component\HttpKernel\Exception\NotFoundHttpException: No route found for "GET /bundles/nikoguitar/js/bootstrap-modal.js" (uncaught exception) at /Users/Nicolas/Sites/guitar/app/cache/prod/classes.php line 5135 [] []
[2013-02-24 16:16:35] request.ERROR: Symfony\Component\HttpKernel\Exception\NotFoundHttpException: No route found for "GET /bundles/nikoguitar/js/bootstrap-transition.js" (uncaught exception) at /Users/Nicolas/Sites/guitar/app/cache/prod/classes.php line 5135 [] []
[2013-02-24 16:16:35] request.ERROR: Symfony\Component\HttpKernel\Exception\NotFoundHttpException: No route found for "GET /bundles/nikoguitar/js/bootstrap-alert.js" (uncaught exception) at /Users/Nicolas/Sites/guitar/app/cache/prod/classes.php line 5135 [] []
[2013-02-24 16:16:35] request.ERROR: Symfony\Component\HttpKernel\Exception\NotFoundHttpException: No route found for "GET /bundles/nikoguitar/js/bootstrap-scrollspy.js" (uncaught exception) at /Users/Nicolas/Sites/guitar/app/cache/prod/classes.php line 5135 [] []
[2013-02-24 16:16:35] request.ERROR: Symfony\Component\HttpKernel\Exception\NotFoundHttpException: No route found for "GET /bundles/nikoguitar/js/jquery.js" (uncaught exception) at /Users/Nicolas/Sites/guitar/app/cache/prod/classes.php line 5135 [] []
[2013-02-24 16:16:35] request.ERROR: Symfony\Component\HttpKernel\Exception\NotFoundHttpException: No route found for "GET /bundles/nikoguitar/js/bootstrap-tooltip.js" (uncaught exception) at /Users/Nicolas/Sites/guitar/app/cache/prod/classes.php line 5135 [] []
[2013-02-24 16:16:35] request.ERROR: Symfony\Component\HttpKernel\Exception\NotFoundHttpException: No route found for "GET /bundles/nikoguitar/js/bootstrap-popover.js" (uncaught exception) at /Users/Nicolas/Sites/guitar/app/cache/prod/classes.php line 5135 [] []
[2013-02-24 16:16:35] request.ERROR: Symfony\Component\HttpKernel\Exception\NotFoundHttpException: No route found for "GET /bundles/nikoguitar/js/bootstrap-dropdown.js" (uncaught exception) at /Users/Nicolas/Sites/guitar/app/cache/prod/classes.php line 5135 [] []
[2013-02-24 16:16:35] request.ERROR: Symfony\Component\HttpKernel\Exception\NotFoundHttpException: No route found for "GET /bundles/nikoguitar/js/bootstrap-carousel.js" (uncaught exception) at /Users/Nicolas/Sites/guitar/app/cache/prod/classes.php line 5135 [] []
[2013-02-24 16:16:35] request.ERROR: Symfony\Component\HttpKernel\Exception\NotFoundHttpException: No route found for "GET /bundles/nikoguitar/js/bootstrap-typeahead.js" (uncaught exception) at /Users/Nicolas/Sites/guitar/app/cache/prod/classes.php line 5135 [] []
[2013-02-24 16:16:35] request.ERROR: Symfony\Component\HttpKernel\Exception\NotFoundHttpException: No route found for "GET /bundles/nikoguitar/js/bootstrap-collapse.js" (uncaught exception) at /Users/Nicolas/Sites/guitar/app/cache/prod/classes.php line 5135 [] []
[2013-02-24 16:16:35] request.ERROR: Symfony\Component\HttpKernel\Exception\NotFoundHttpException: No route found for "GET /bundles/nikoguitar/js/bootstrap-button.js" (uncaught exception) at /Users/Nicolas/Sites/guitar/app/cache/prod/classes.php line 5135 [] []
[2013-02-24 16:18:26] request.ERROR: Symfony\Component\HttpKernel\Exception\NotFoundHttpException: No route found for "GET /bundles/nikoguitar/js/bootstrap-alert.js" (uncaught exception) at /Users/Nicolas/Sites/guitar/app/cache/prod/classes.php line 5135 [] []
[2013-02-24 16:18:26] request.ERROR: Symfony\Component\HttpKernel\Exception\NotFoundHttpException: No route found for "GET /bundles/nikoguitar/js/bootstrap-scrollspy.js" (uncaught exception) at /Users/Nicolas/Sites/guitar/app/cache/prod/classes.php line 5135 [] []
[2013-02-24 16:18:26] request.ERROR: Symfony\Component\HttpKernel\Exception\NotFoundHttpException: No route found for "GET /bundles/nikoguitar/js/bootstrap-transition.js" (uncaught exception) at /Users/Nicolas/Sites/guitar/app/cache/prod/classes.php line 5135 [] []
[2013-02-24 16:18:26] request.ERROR: Symfony\Component\HttpKernel\Exception\NotFoundHttpException: No route found for "GET /bundles/nikoguitar/js/bootstrap-tab.js" (uncaught exception) at /Users/Nicolas/Sites/guitar/app/cache/prod/classes.php line 5135 [] []
[2013-02-24 16:18:26] request.ERROR: Symfony\Component\HttpKernel\Exception\NotFoundHttpException: No route found for "GET /bundles/nikoguitar/js/bootstrap-tooltip.js" (uncaught exception) at /Users/Nicolas/Sites/guitar/app/cache/prod/classes.php line 5135 [] []
[2013-02-24 16:18:26] request.ERROR: Symfony\Component\HttpKernel\Exception\NotFoundHttpException: No route found for "GET /bundles/nikoguitar/js/bootstrap-carousel.js" (uncaught exception) at /Users/Nicolas/Sites/guitar/app/cache/prod/classes.php line 5135 [] []
[2013-02-24 16:18:26] request.ERROR: Symfony\Component\HttpKernel\Exception\NotFoundHttpException: No route found for "GET /bundles/nikoguitar/js/bootstrap-dropdown.js" (uncaught exception) at /Users/Nicolas/Sites/guitar/app/cache/prod/classes.php line 5135 [] []
[2013-02-24 16:18:26] request.ERROR: Symfony\Component\HttpKernel\Exception\NotFoundHttpException: No route found for "GET /bundles/nikoguitar/js/bootstrap-collapse.js" (uncaught exception) at /Users/Nicolas/Sites/guitar/app/cache/prod/classes.php line 5135 [] []
[2013-02-24 16:18:26] request.ERROR: Symfony\Component\HttpKernel\Exception\NotFoundHttpException: No route found for "GET /bundles/nikoguitar/js/bootstrap-typeahead.js" (uncaught exception) at /Users/Nicolas/Sites/guitar/app/cache/prod/classes.php line 5135 [] []
[2013-02-24 16:18:26] request.ERROR: Symfony\Component\HttpKernel\Exception\NotFoundHttpException: No route found for "GET /bundles/nikoguitar/js/bootstrap-modal.js" (uncaught exception) at /Users/Nicolas/Sites/guitar/app/cache/prod/classes.php line 5135 [] []
[2013-02-24 16:18:26] request.ERROR: Symfony\Component\HttpKernel\Exception\NotFoundHttpException: No route found for "GET /bundles/nikoguitar/js/bootstrap-popover.js" (uncaught exception) at /Users/Nicolas/Sites/guitar/app/cache/prod/classes.php line 5135 [] []
[2013-02-24 16:18:26] request.ERROR: Symfony\Component\HttpKernel\Exception\NotFoundHttpException: No route found for "GET /bundles/nikoguitar/js/bootstrap-button.js" (uncaught exception) at /Users/Nicolas/Sites/guitar/app/cache/prod/classes.php line 5135 [] []
[2013-02-24 16:18:26] request.ERROR: Symfony\Component\HttpKernel\Exception\NotFoundHttpException: No route found for "GET /bundles/nikoguitar/js/jquery.js" (uncaught exception) at /Users/Nicolas/Sites/guitar/app/cache/prod/classes.php line 5135 [] []
[2013-02-24 16:21:20] request.ERROR: Symfony\Component\HttpKernel\Exception\NotFoundHttpException: No route found for "GET /bundles/nikoguitar/js/bootstrap-collapse.js" (uncaught exception) at /Users/Nicolas/Sites/guitar/app/cache/prod/classes.php line 5135 [] []
[2013-02-24 16:21:20] request.ERROR: Symfony\Component\HttpKernel\Exception\NotFoundHttpException: No route found for "GET /bundles/nikoguitar/js/bootstrap-carousel.js" (uncaught exception) at /Users/Nicolas/Sites/guitar/app/cache/prod/classes.php line 5135 [] []
[2013-02-24 16:21:20] request.ERROR: Symfony\Component\HttpKernel\Exception\NotFoundHttpException: No route found for "GET /bundles/nikoguitar/js/bootstrap-popover.js" (uncaught exception) at /Users/Nicolas/Sites/guitar/app/cache/prod/classes.php line 5135 [] []
[2013-02-24 16:21:20] request.ERROR: Symfony\Component\HttpKernel\Exception\NotFoundHttpException: No route found for "GET /bundles/nikoguitar/js/bootstrap-typeahead.js" (uncaught exception) at /Users/Nicolas/Sites/guitar/app/cache/prod/classes.php line 5135 [] []
[2013-02-24 16:21:20] request.ERROR: Symfony\Component\HttpKernel\Exception\NotFoundHttpException: No route found for "GET /bundles/nikoguitar/js/bootstrap-button.js" (uncaught exception) at /Users/Nicolas/Sites/guitar/app/cache/prod/classes.php line 5135 [] []
[2013-02-24 16:21:20] request.ERROR: Symfony\Component\HttpKernel\Exception\NotFoundHttpException: No route found for "GET /bundles/nikoguitar/js/bootstrap-tooltip.js" (uncaught exception) at /Users/Nicolas/Sites/guitar/app/cache/prod/classes.php line 5135 [] []
[2013-02-24 16:21:20] request.ERROR: Symfony\Component\HttpKernel\Exception\NotFoundHttpException: No route found for "GET /bundles/nikoguitar/js/bootstrap-tab.js" (uncaught exception) at /Users/Nicolas/Sites/guitar/app/cache/prod/classes.php line 5135 [] []
[2013-02-24 16:21:20] request.ERROR: Symfony\Component\HttpKernel\Exception\NotFoundHttpException: No route found for "GET /bundles/nikoguitar/js/bootstrap-alert.js" (uncaught exception) at /Users/Nicolas/Sites/guitar/app/cache/prod/classes.php line 5135 [] []
[2013-02-24 16:21:21] request.ERROR: Symfony\Component\HttpKernel\Exception\NotFoundHttpException: No route found for "GET /bundles/nikoguitar/js/bootstrap-modal.js" (uncaught exception) at /Users/Nicolas/Sites/guitar/app/cache/prod/classes.php line 5135 [] []
[2013-02-24 16:21:21] request.ERROR: Symfony\Component\HttpKernel\Exception\NotFoundHttpException: No route found for "GET /bundles/nikoguitar/js/bootstrap-dropdown.js" (uncaught exception) at /Users/Nicolas/Sites/guitar/app/cache/prod/classes.php line 5135 [] []
[2013-02-24 16:21:21] request.ERROR: Symfony\Component\HttpKernel\Exception\NotFoundHttpException: No route found for "GET /bundles/nikoguitar/js/bootstrap-scrollspy.js" (uncaught exception) at /Users/Nicolas/Sites/guitar/app/cache/prod/classes.php line 5135 [] []
[2013-02-24 16:21:21] request.ERROR: Symfony\Component\HttpKernel\Exception\NotFoundHttpException: No route found for "GET /bundles/nikoguitar/js/bootstrap-transition.js" (uncaught exception) at /Users/Nicolas/Sites/guitar/app/cache/prod/classes.php line 5135 [] []
[2013-02-24 16:21:21] request.ERROR: Symfony\Component\HttpKernel\Exception\NotFoundHttpException: No route found for "GET /bundles/nikoguitar/js/jquery.js" (uncaught exception) at /Users/Nicolas/Sites/guitar/app/cache/prod/classes.php line 5135 [] []
[2013-02-24 16:22:31] request.ERROR: Symfony\Component\HttpKernel\Exception\NotFoundHttpException: No route found for "GET /bundles/nikoguitar/js/jquery.js" (uncaught exception) at /Users/Nicolas/Sites/guitar/app/cache/prod/classes.php line 5135 [] []
[2013-02-24 16:22:31] request.ERROR: Symfony\Component\HttpKernel\Exception\NotFoundHttpException: No route found for "GET /bundles/nikoguitar/js/bootstrap-dropdown.js" (uncaught exception) at /Users/Nicolas/Sites/guitar/app/cache/prod/classes.php line 5135 [] []
[2013-02-24 16:22:31] request.ERROR: Symfony\Component\HttpKernel\Exception\NotFoundHttpException: No route found for "GET /bundles/nikoguitar/js/bootstrap-alert.js" (uncaught exception) at /Users/Nicolas/Sites/guitar/app/cache/prod/classes.php line 5135 [] []
[2013-02-24 16:22:31] request.ERROR: Symfony\Component\HttpKernel\Exception\NotFoundHttpException: No route found for "GET /bundles/nikoguitar/js/bootstrap-modal.js" (uncaught exception) at /Users/Nicolas/Sites/guitar/app/cache/prod/classes.php line 5135 [] []
[2013-02-24 16:22:31] request.ERROR: Symfony\Component\HttpKernel\Exception\NotFoundHttpException: No route found for "GET /bundles/nikoguitar/js/bootstrap-tab.js" (uncaught exception) at /Users/Nicolas/Sites/guitar/app/cache/prod/classes.php line 5135 [] []
[2013-02-24 16:22:31] request.ERROR: Symfony\Component\HttpKernel\Exception\NotFoundHttpException: No route found for "GET /bundles/nikoguitar/js/bootstrap-tooltip.js" (uncaught exception) at /Users/Nicolas/Sites/guitar/app/cache/prod/classes.php line 5135 [] []
[2013-02-24 16:22:31] request.ERROR: Symfony\Component\HttpKernel\Exception\NotFoundHttpException: No route found for "GET /bundles/nikoguitar/js/bootstrap-button.js" (uncaught exception) at /Users/Nicolas/Sites/guitar/app/cache/prod/classes.php line 5135 [] []
[2013-02-24 16:22:31] request.ERROR: Symfony\Component\HttpKernel\Exception\NotFoundHttpException: No route found for "GET /bundles/nikoguitar/js/bootstrap-typeahead.js" (uncaught exception) at /Users/Nicolas/Sites/guitar/app/cache/prod/classes.php line 5135 [] []
[2013-02-24 16:22:31] request.ERROR: Symfony\Component\HttpKernel\Exception\NotFoundHttpException: No route found for "GET /bundles/nikoguitar/js/bootstrap-collapse.js" (uncaught exception) at /Users/Nicolas/Sites/guitar/app/cache/prod/classes.php line 5135 [] []
[2013-02-24 16:22:32] request.ERROR: Symfony\Component\HttpKernel\Exception\NotFoundHttpException: No route found for "GET /bundles/nikoguitar/js/bootstrap-popover.js" (uncaught exception) at /Users/Nicolas/Sites/guitar/app/cache/prod/classes.php line 5135 [] []
[2013-02-24 16:22:32] request.ERROR: Symfony\Component\HttpKernel\Exception\NotFoundHttpException: No route found for "GET /bundles/nikoguitar/js/bootstrap-carousel.js" (uncaught exception) at /Users/Nicolas/Sites/guitar/app/cache/prod/classes.php line 5135 [] []
[2013-02-24 16:22:32] request.ERROR: Symfony\Component\HttpKernel\Exception\NotFoundHttpException: No route found for "GET /bundles/nikoguitar/js/bootstrap-transition.js" (uncaught exception) at /Users/Nicolas/Sites/guitar/app/cache/prod/classes.php line 5135 [] []
[2013-02-24 16:22:32] request.ERROR: Symfony\Component\HttpKernel\Exception\NotFoundHttpException: No route found for "GET /bundles/nikoguitar/js/bootstrap-scrollspy.js" (uncaught exception) at /Users/Nicolas/Sites/guitar/app/cache/prod/classes.php line 5135 [] []
[2013-02-24 16:24:41] request.ERROR: Symfony\Component\HttpKernel\Exception\NotFoundHttpException: No route found for "GET /bundles/nikoguitar/js/bootstrap-alert.js" (uncaught exception) at /Users/Nicolas/Sites/guitar/app/cache/prod/classes.php line 5135 [] []
[2013-02-24 16:24:41] request.ERROR: Symfony\Component\HttpKernel\Exception\NotFoundHttpException: No route found for "GET /bundles/nikoguitar/js/bootstrap-transition.js" (uncaught exception) at /Users/Nicolas/Sites/guitar/app/cache/prod/classes.php line 5135 [] []
[2013-02-24 16:24:41] request.ERROR: Symfony\Component\HttpKernel\Exception\NotFoundHttpException: No route found for "GET /bundles/nikoguitar/js/bootstrap-carousel.js" (uncaught exception) at /Users/Nicolas/Sites/guitar/app/cache/prod/classes.php line 5135 [] []
[2013-02-24 16:24:41] request.ERROR: Symfony\Component\HttpKernel\Exception\NotFoundHttpException: No route found for "GET /bundles/nikoguitar/js/bootstrap-modal.js" (uncaught exception) at /Users/Nicolas/Sites/guitar/app/cache/prod/classes.php line 5135 [] []
[2013-02-24 16:24:41] request.ERROR: Symfony\Component\HttpKernel\Exception\NotFoundHttpException: No route found for "GET /bundles/nikoguitar/js/bootstrap-typeahead.js" (uncaught exception) at /Users/Nicolas/Sites/guitar/app/cache/prod/classes.php line 5135 [] []
[2013-02-24 16:24:41] request.ERROR: Symfony\Component\HttpKernel\Exception\NotFoundHttpException: No route found for "GET /bundles/nikoguitar/js/bootstrap-tooltip.js" (uncaught exception) at /Users/Nicolas/Sites/guitar/app/cache/prod/classes.php line 5135 [] []
[2013-02-24 16:24:41] request.ERROR: Symfony\Component\HttpKernel\Exception\NotFoundHttpException: No route found for "GET /bundles/nikoguitar/js/bootstrap-button.js" (uncaught exception) at /Users/Nicolas/Sites/guitar/app/cache/prod/classes.php line 5135 [] []
[2013-02-24 16:24:41] request.ERROR: Symfony\Component\HttpKernel\Exception\NotFoundHttpException: No route found for "GET /bundles/nikoguitar/js/bootstrap-collapse.js" (uncaught exception) at /Users/Nicolas/Sites/guitar/app/cache/prod/classes.php line 5135 [] []
[2013-02-24 16:24:41] request.ERROR: Symfony\Component\HttpKernel\Exception\NotFoundHttpException: No route found for "GET /bundles/nikoguitar/js/bootstrap-scrollspy.js" (uncaught exception) at /Users/Nicolas/Sites/guitar/app/cache/prod/classes.php line 5135 [] []
[2013-02-24 16:24:41] request.ERROR: Symfony\Component\HttpKernel\Exception\NotFoundHttpException: No route found for "GET /bundles/nikoguitar/js/bootstrap-popover.js" (uncaught exception) at /Users/Nicolas/Sites/guitar/app/cache/prod/classes.php line 5135 [] []
[2013-02-24 16:24:41] request.ERROR: Symfony\Component\HttpKernel\Exception\NotFoundHttpException: No route found for "GET /bundles/nikoguitar/js/bootstrap-tab.js" (uncaught exception) at /Users/Nicolas/Sites/guitar/app/cache/prod/classes.php line 5135 [] []
[2013-02-24 16:24:41] request.ERROR: Symfony\Component\HttpKernel\Exception\NotFoundHttpException: No route found for "GET /bundles/nikoguitar/js/jquery.js" (uncaught exception) at /Users/Nicolas/Sites/guitar/app/cache/prod/classes.php line 5135 [] []
[2013-02-24 16:24:41] request.ERROR: Symfony\Component\HttpKernel\Exception\NotFoundHttpException: No route found for "GET /bundles/nikoguitar/js/bootstrap-dropdown.js" (uncaught exception) at /Users/Nicolas/Sites/guitar/app/cache/prod/classes.php line 5135 [] []
[2013-02-24 16:26:54] request.ERROR: Symfony\Component\HttpKernel\Exception\NotFoundHttpException: No route found for "GET /bundles/nikoguitar/js/bootstrap-carousel.js" (uncaught exception) at /Users/Nicolas/Sites/guitar/app/cache/prod/classes.php line 5135 [] []
[2013-02-24 16:26:54] request.ERROR: Symfony\Component\HttpKernel\Exception\NotFoundHttpException: No route found for "GET /bundles/nikoguitar/js/bootstrap-button.js" (uncaught exception) at /Users/Nicolas/Sites/guitar/app/cache/prod/classes.php line 5135 [] []
[2013-02-24 16:26:54] request.ERROR: Symfony\Component\HttpKernel\Exception\NotFoundHttpException: No route found for "GET /bundles/nikoguitar/js/bootstrap-popover.js" (uncaught exception) at /Users/Nicolas/Sites/guitar/app/cache/prod/classes.php line 5135 [] []
[2013-02-24 16:26:54] request.ERROR: Symfony\Component\HttpKernel\Exception\NotFoundHttpException: No route found for "GET /bundles/nikoguitar/js/bootstrap-collapse.js" (uncaught exception) at /Users/Nicolas/Sites/guitar/app/cache/prod/classes.php line 5135 [] []
[2013-02-24 16:26:54] request.ERROR: Symfony\Component\HttpKernel\Exception\NotFoundHttpException: No route found for "GET /bundles/nikoguitar/js/bootstrap-tooltip.js" (uncaught exception) at /Users/Nicolas/Sites/guitar/app/cache/prod/classes.php line 5135 [] []
[2013-02-24 16:26:54] request.ERROR: Symfony\Component\HttpKernel\Exception\NotFoundHttpException: No route found for "GET /bundles/nikoguitar/js/bootstrap-typeahead.js" (uncaught exception) at /Users/Nicolas/Sites/guitar/app/cache/prod/classes.php line 5135 [] []
[2013-02-24 16:26:54] request.ERROR: Symfony\Component\HttpKernel\Exception\NotFoundHttpException: No route found for "GET /bundles/nikoguitar/js/bootstrap-alert.js" (uncaught exception) at /Users/Nicolas/Sites/guitar/app/cache/prod/classes.php line 5135 [] []
[2013-02-24 16:26:54] request.ERROR: Symfony\Component\HttpKernel\Exception\NotFoundHttpException: No route found for "GET /bundles/nikoguitar/js/bootstrap-dropdown.js" (uncaught exception) at /Users/Nicolas/Sites/guitar/app/cache/prod/classes.php line 5135 [] []
[2013-02-24 16:26:54] request.ERROR: Symfony\Component\HttpKernel\Exception\NotFoundHttpException: No route found for "GET /bundles/nikoguitar/js/bootstrap-tab.js" (uncaught exception) at /Users/Nicolas/Sites/guitar/app/cache/prod/classes.php line 5135 [] []
[2013-02-24 16:26:54] request.ERROR: Symfony\Component\HttpKernel\Exception\NotFoundHttpException: No route found for "GET /bundles/nikoguitar/js/jquery.js" (uncaught exception) at /Users/Nicolas/Sites/guitar/app/cache/prod/classes.php line 5135 [] []
[2013-02-24 16:26:54] request.ERROR: Symfony\Component\HttpKernel\Exception\NotFoundHttpException: No route found for "GET /bundles/nikoguitar/js/bootstrap-modal.js" (uncaught exception) at /Users/Nicolas/Sites/guitar/app/cache/prod/classes.php line 5135 [] []
[2013-02-24 16:26:54] request.ERROR: Symfony\Component\HttpKernel\Exception\NotFoundHttpException: No route found for "GET /bundles/nikoguitar/js/bootstrap-scrollspy.js" (uncaught exception) at /Users/Nicolas/Sites/guitar/app/cache/prod/classes.php line 5135 [] []
[2013-02-24 16:26:54] request.ERROR: Symfony\Component\HttpKernel\Exception\NotFoundHttpException: No route found for "GET /bundles/nikoguitar/js/bootstrap-transition.js" (uncaught exception) at /Users/Nicolas/Sites/guitar/app/cache/prod/classes.php line 5135 [] []
[2013-02-24 16:27:24] request.ERROR: Symfony\Component\HttpKernel\Exception\NotFoundHttpException: No route found for "GET /bundles/nikoguitar/js/bootstrap-typeahead.js" (uncaught exception) at /Users/Nicolas/Sites/guitar/app/cache/prod/classes.php line 5135 [] []
[2013-02-24 16:27:24] request.ERROR: Symfony\Component\HttpKernel\Exception\NotFoundHttpException: No route found for "GET /bundles/nikoguitar/js/bootstrap-carousel.js" (uncaught exception) at /Users/Nicolas/Sites/guitar/app/cache/prod/classes.php line 5135 [] []
[2013-02-24 16:27:24] request.ERROR: Symfony\Component\HttpKernel\Exception\NotFoundHttpException: No route found for "GET /bundles/nikoguitar/js/bootstrap-button.js" (uncaught exception) at /Users/Nicolas/Sites/guitar/app/cache/prod/classes.php line 5135 [] []
[2013-02-24 16:27:24] request.ERROR: Symfony\Component\HttpKernel\Exception\NotFoundHttpException: No route found for "GET /bundles/nikoguitar/js/bootstrap-tooltip.js" (uncaught exception) at /Users/Nicolas/Sites/guitar/app/cache/prod/classes.php line 5135 [] []
[2013-02-24 16:27:24] request.ERROR: Symfony\Component\HttpKernel\Exception\NotFoundHttpException: No route found for "GET /bundles/nikoguitar/js/bootstrap-collapse.js" (uncaught exception) at /Users/Nicolas/Sites/guitar/app/cache/prod/classes.php line 5135 [] []
[2013-02-24 16:27:24] request.ERROR: Symfony\Component\HttpKernel\Exception\NotFoundHttpException: No route found for "GET /bundles/nikoguitar/js/bootstrap-tab.js" (uncaught exception) at /Users/Nicolas/Sites/guitar/app/cache/prod/classes.php line 5135 [] []
[2013-02-24 16:27:24] request.ERROR: Symfony\Component\HttpKernel\Exception\NotFoundHttpException: No route found for "GET /bundles/nikoguitar/js/bootstrap-dropdown.js" (uncaught exception) at /Users/Nicolas/Sites/guitar/app/cache/prod/classes.php line 5135 [] []
[2013-02-24 16:27:24] request.ERROR: Symfony\Component\HttpKernel\Exception\NotFoundHttpException: No route found for "GET /bundles/nikoguitar/js/bootstrap-modal.js" (uncaught exception) at /Users/Nicolas/Sites/guitar/app/cache/prod/classes.php line 5135 [] []
[2013-02-24 16:27:24] request.ERROR: Symfony\Component\HttpKernel\Exception\NotFoundHttpException: No route found for "GET /bundles/nikoguitar/js/bootstrap-scrollspy.js" (uncaught exception) at /Users/Nicolas/Sites/guitar/app/cache/prod/classes.php line 5135 [] []
[2013-02-24 16:27:24] request.ERROR: Symfony\Component\HttpKernel\Exception\NotFoundHttpException: No route found for "GET /bundles/nikoguitar/js/bootstrap-alert.js" (uncaught exception) at /Users/Nicolas/Sites/guitar/app/cache/prod/classes.php line 5135 [] []
[2013-02-24 16:27:24] request.ERROR: Symfony\Component\HttpKernel\Exception\NotFoundHttpException: No route found for "GET /bundles/nikoguitar/js/bootstrap-popover.js" (uncaught exception) at /Users/Nicolas/Sites/guitar/app/cache/prod/classes.php line 5135 [] []
[2013-02-24 16:27:24] request.ERROR: Symfony\Component\HttpKernel\Exception\NotFoundHttpException: No route found for "GET /bundles/nikoguitar/js/jquery.js" (uncaught exception) at /Users/Nicolas/Sites/guitar/app/cache/prod/classes.php line 5135 [] []
[2013-02-24 16:27:24] request.ERROR: Symfony\Component\HttpKernel\Exception\NotFoundHttpException: No route found for "GET /bundles/nikoguitar/js/bootstrap-transition.js" (uncaught exception) at /Users/Nicolas/Sites/guitar/app/cache/prod/classes.php line 5135 [] []
[2013-02-24 16:31:28] request.ERROR: Symfony\Component\HttpKernel\Exception\NotFoundHttpException: No route found for "GET /bundles/nikoguitar/js/jquery.js" (uncaught exception) at /Users/Nicolas/Sites/guitar/app/cache/prod/classes.php line 5135 [] []
[2013-02-24 16:31:28] request.ERROR: Symfony\Component\HttpKernel\Exception\NotFoundHttpException: No route found for "GET /bundles/nikoguitar/js/bootstrap-transition.js" (uncaught exception) at /Users/Nicolas/Sites/guitar/app/cache/prod/classes.php line 5135 [] []
[2013-02-24 16:31:28] request.ERROR: Symfony\Component\HttpKernel\Exception\NotFoundHttpException: No route found for "GET /bundles/nikoguitar/js/bootstrap-alert.js" (uncaught exception) at /Users/Nicolas/Sites/guitar/app/cache/prod/classes.php line 5135 [] []
[2013-02-24 16:31:28] request.ERROR: Symfony\Component\HttpKernel\Exception\NotFoundHttpException: No route found for "GET /bundles/nikoguitar/js/bootstrap-modal.js" (uncaught exception) at /Users/Nicolas/Sites/guitar/app/cache/prod/classes.php line 5135 [] []
[2013-02-24 16:31:28] request.ERROR: Symfony\Component\HttpKernel\Exception\NotFoundHttpException: No route found for "GET /bundles/nikoguitar/js/bootstrap-dropdown.js" (uncaught exception) at /Users/Nicolas/Sites/guitar/app/cache/prod/classes.php line 5135 [] []
[2013-02-24 16:31:28] request.ERROR: Symfony\Component\HttpKernel\Exception\NotFoundHttpException: No route found for "GET /bundles/nikoguitar/js/bootstrap-scrollspy.js" (uncaught exception) at /Users/Nicolas/Sites/guitar/app/cache/prod/classes.php line 5135 [] []
[2013-02-24 16:31:28] request.ERROR: Symfony\Component\HttpKernel\Exception\NotFoundHttpException: No route found for "GET /bundles/nikoguitar/js/bootstrap-carousel.js" (uncaught exception) at /Users/Nicolas/Sites/guitar/app/cache/prod/classes.php line 5135 [] []
[2013-02-24 16:31:28] request.ERROR: Symfony\Component\HttpKernel\Exception\NotFoundHttpException: No route found for "GET /bundles/nikoguitar/js/bootstrap-collapse.js" (uncaught exception) at /Users/Nicolas/Sites/guitar/app/cache/prod/classes.php line 5135 [] []
[2013-02-24 16:31:28] request.ERROR: Symfony\Component\HttpKernel\Exception\NotFoundHttpException: No route found for "GET /bundles/nikoguitar/js/bootstrap-popover.js" (uncaught exception) at /Users/Nicolas/Sites/guitar/app/cache/prod/classes.php line 5135 [] []
[2013-02-24 16:31:28] request.ERROR: Symfony\Component\HttpKernel\Exception\NotFoundHttpException: No route found for "GET /bundles/nikoguitar/js/bootstrap-typeahead.js" (uncaught exception) at /Users/Nicolas/Sites/guitar/app/cache/prod/classes.php line 5135 [] []
[2013-02-24 16:31:28] request.ERROR: Symfony\Component\HttpKernel\Exception\NotFoundHttpException: No route found for "GET /bundles/nikoguitar/js/bootstrap-tab.js" (uncaught exception) at /Users/Nicolas/Sites/guitar/app/cache/prod/classes.php line 5135 [] []
[2013-02-24 16:31:28] request.ERROR: Symfony\Component\HttpKernel\Exception\NotFoundHttpException: No route found for "GET /bundles/nikoguitar/js/bootstrap-tooltip.js" (uncaught exception) at /Users/Nicolas/Sites/guitar/app/cache/prod/classes.php line 5135 [] []
[2013-02-24 16:31:28] request.ERROR: Symfony\Component\HttpKernel\Exception\NotFoundHttpException: No route found for "GET /bundles/nikoguitar/js/bootstrap-button.js" (uncaught exception) at /Users/Nicolas/Sites/guitar/app/cache/prod/classes.php line 5135 [] []
[2013-02-24 16:33:12] request.ERROR: Symfony\Component\HttpKernel\Exception\NotFoundHttpException: No route found for "GET /bundles/nikoguitar/js/bootstrap-button.js" (uncaught exception) at /Users/Nicolas/Sites/guitar/app/cache/prod/classes.php line 5135 [] []
[2013-02-24 16:33:12] request.ERROR: Symfony\Component\HttpKernel\Exception\NotFoundHttpException: No route found for "GET /bundles/nikoguitar/js/bootstrap-typeahead.js" (uncaught exception) at /Users/Nicolas/Sites/guitar/app/cache/prod/classes.php line 5135 [] []
[2013-02-24 16:33:12] request.ERROR: Symfony\Component\HttpKernel\Exception\NotFoundHttpException: No route found for "GET /bundles/nikoguitar/js/bootstrap-modal.js" (uncaught exception) at /Users/Nicolas/Sites/guitar/app/cache/prod/classes.php line 5135 [] []
[2013-02-24 16:33:12] request.ERROR: Symfony\Component\HttpKernel\Exception\NotFoundHttpException: No route found for "GET /bundles/nikoguitar/js/bootstrap-scrollspy.js" (uncaught exception) at /Users/Nicolas/Sites/guitar/app/cache/prod/classes.php line 5135 [] []
[2013-02-24 16:33:12] request.ERROR: Symfony\Component\HttpKernel\Exception\NotFoundHttpException: No route found for "GET /bundles/nikoguitar/js/bootstrap-tooltip.js" (uncaught exception) at /Users/Nicolas/Sites/guitar/app/cache/prod/classes.php line 5135 [] []
[2013-02-24 16:33:12] request.ERROR: Symfony\Component\HttpKernel\Exception\NotFoundHttpException: No route found for "GET /bundles/nikoguitar/js/bootstrap-alert.js" (uncaught exception) at /Users/Nicolas/Sites/guitar/app/cache/prod/classes.php line 5135 [] []
[2013-02-24 16:33:12] request.ERROR: Symfony\Component\HttpKernel\Exception\NotFoundHttpException: No route found for "GET /bundles/nikoguitar/js/bootstrap-dropdown.js" (uncaught exception) at /Users/Nicolas/Sites/guitar/app/cache/prod/classes.php line 5135 [] []
[2013-02-24 16:33:12] request.ERROR: Symfony\Component\HttpKernel\Exception\NotFoundHttpException: No route found for "GET /bundles/nikoguitar/js/bootstrap-tab.js" (uncaught exception) at /Users/Nicolas/Sites/guitar/app/cache/prod/classes.php line 5135 [] []
[2013-02-24 16:33:12] request.ERROR: Symfony\Component\HttpKernel\Exception\NotFoundHttpException: No route found for "GET /bundles/nikoguitar/js/bootstrap-popover.js" (uncaught exception) at /Users/Nicolas/Sites/guitar/app/cache/prod/classes.php line 5135 [] []
[2013-02-24 16:33:12] request.ERROR: Symfony\Component\HttpKernel\Exception\NotFoundHttpException: No route found for "GET /bundles/nikoguitar/js/jquery.js" (uncaught exception) at /Users/Nicolas/Sites/guitar/app/cache/prod/classes.php line 5135 [] []
[2013-02-24 16:33:12] request.ERROR: Symfony\Component\HttpKernel\Exception\NotFoundHttpException: No route found for "GET /bundles/nikoguitar/js/bootstrap-transition.js" (uncaught exception) at /Users/Nicolas/Sites/guitar/app/cache/prod/classes.php line 5135 [] []
[2013-02-24 16:33:12] request.ERROR: Symfony\Component\HttpKernel\Exception\NotFoundHttpException: No route found for "GET /bundles/nikoguitar/js/bootstrap-collapse.js" (uncaught exception) at /Users/Nicolas/Sites/guitar/app/cache/prod/classes.php line 5135 [] []
[2013-02-24 16:33:12] request.ERROR: Symfony\Component\HttpKernel\Exception\NotFoundHttpException: No route found for "GET /bundles/nikoguitar/js/bootstrap-carousel.js" (uncaught exception) at /Users/Nicolas/Sites/guitar/app/cache/prod/classes.php line 5135 [] []
[2013-02-24 16:33:43] request.ERROR: Symfony\Component\HttpKernel\Exception\NotFoundHttpException: No route found for "GET /bundles/nikoguitar/js/bootstrap-modal.js" (uncaught exception) at /Users/Nicolas/Sites/guitar/app/cache/prod/classes.php line 5135 [] []
[2013-02-24 16:33:43] request.ERROR: Symfony\Component\HttpKernel\Exception\NotFoundHttpException: No route found for "GET /bundles/nikoguitar/js/bootstrap-popover.js" (uncaught exception) at /Users/Nicolas/Sites/guitar/app/cache/prod/classes.php line 5135 [] []
[2013-02-24 16:33:43] request.ERROR: Symfony\Component\HttpKernel\Exception\NotFoundHttpException: No route found for "GET /bundles/nikoguitar/js/bootstrap-carousel.js" (uncaught exception) at /Users/Nicolas/Sites/guitar/app/cache/prod/classes.php line 5135 [] []
[2013-02-24 16:33:43] request.ERROR: Symfony\Component\HttpKernel\Exception\NotFoundHttpException: No route found for "GET /bundles/nikoguitar/js/bootstrap-scrollspy.js" (uncaught exception) at /Users/Nicolas/Sites/guitar/app/cache/prod/classes.php line 5135 [] []
[2013-02-24 16:33:43] request.ERROR: Symfony\Component\HttpKernel\Exception\NotFoundHttpException: No route found for "GET /bundles/nikoguitar/js/bootstrap-tab.js" (uncaught exception) at /Users/Nicolas/Sites/guitar/app/cache/prod/classes.php line 5135 [] []
[2013-02-24 16:33:43] request.ERROR: Symfony\Component\HttpKernel\Exception\NotFoundHttpException: No route found for "GET /bundles/nikoguitar/js/bootstrap-tooltip.js" (uncaught exception) at /Users/Nicolas/Sites/guitar/app/cache/prod/classes.php line 5135 [] []
[2013-02-24 16:33:43] request.ERROR: Symfony\Component\HttpKernel\Exception\NotFoundHttpException: No route found for "GET /bundles/nikoguitar/js/bootstrap-dropdown.js" (uncaught exception) at /Users/Nicolas/Sites/guitar/app/cache/prod/classes.php line 5135 [] []
[2013-02-24 16:33:43] request.ERROR: Symfony\Component\HttpKernel\Exception\NotFoundHttpException: No route found for "GET /bundles/nikoguitar/js/bootstrap-transition.js" (uncaught exception) at /Users/Nicolas/Sites/guitar/app/cache/prod/classes.php line 5135 [] []
[2013-02-24 16:33:43] request.ERROR: Symfony\Component\HttpKernel\Exception\NotFoundHttpException: No route found for "GET /bundles/nikoguitar/js/bootstrap-button.js" (uncaught exception) at /Users/Nicolas/Sites/guitar/app/cache/prod/classes.php line 5135 [] []
[2013-02-24 16:33:43] request.ERROR: Symfony\Component\HttpKernel\Exception\NotFoundHttpException: No route found for "GET /bundles/nikoguitar/js/bootstrap-alert.js" (uncaught exception) at /Users/Nicolas/Sites/guitar/app/cache/prod/classes.php line 5135 [] []
[2013-02-24 16:33:43] request.ERROR: Symfony\Component\HttpKernel\Exception\NotFoundHttpException: No route found for "GET /bundles/nikoguitar/js/jquery.js" (uncaught exception) at /Users/Nicolas/Sites/guitar/app/cache/prod/classes.php line 5135 [] []
[2013-02-24 16:33:43] request.ERROR: Symfony\Component\HttpKernel\Exception\NotFoundHttpException: No route found for "GET /bundles/nikoguitar/js/bootstrap-typeahead.js" (uncaught exception) at /Users/Nicolas/Sites/guitar/app/cache/prod/classes.php line 5135 [] []
[2013-02-24 16:33:43] request.ERROR: Symfony\Component\HttpKernel\Exception\NotFoundHttpException: No route found for "GET /bundles/nikoguitar/js/bootstrap-collapse.js" (uncaught exception) at /Users/Nicolas/Sites/guitar/app/cache/prod/classes.php line 5135 [] []
[2013-02-24 16:34:04] request.ERROR: Symfony\Component\HttpKernel\Exception\NotFoundHttpException: No route found for "GET /bundles/nikoguitar/js/bootstrap-collapse.js" (uncaught exception) at /Users/Nicolas/Sites/guitar/app/cache/prod/classes.php line 5135 [] []
[2013-02-24 16:34:04] request.ERROR: Symfony\Component\HttpKernel\Exception\NotFoundHttpException: No route found for "GET /bundles/nikoguitar/js/bootstrap-carousel.js" (uncaught exception) at /Users/Nicolas/Sites/guitar/app/cache/prod/classes.php line 5135 [] []
[2013-02-24 16:34:04] request.ERROR: Symfony\Component\HttpKernel\Exception\NotFoundHttpException: No route found for "GET /bundles/nikoguitar/js/bootstrap-popover.js" (uncaught exception) at /Users/Nicolas/Sites/guitar/app/cache/prod/classes.php line 5135 [] []
[2013-02-24 16:34:04] request.ERROR: Symfony\Component\HttpKernel\Exception\NotFoundHttpException: No route found for "GET /bundles/nikoguitar/js/bootstrap-tooltip.js" (uncaught exception) at /Users/Nicolas/Sites/guitar/app/cache/prod/classes.php line 5135 [] []
[2013-02-24 16:34:04] request.ERROR: Symfony\Component\HttpKernel\Exception\NotFoundHttpException: No route found for "GET /bundles/nikoguitar/js/bootstrap-typeahead.js" (uncaught exception) at /Users/Nicolas/Sites/guitar/app/cache/prod/classes.php line 5135 [] []
[2013-02-24 16:34:04] request.ERROR: Symfony\Component\HttpKernel\Exception\NotFoundHttpException: No route found for "GET /bundles/nikoguitar/js/bootstrap-button.js" (uncaught exception) at /Users/Nicolas/Sites/guitar/app/cache/prod/classes.php line 5135 [] []
[2013-02-24 16:34:04] request.ERROR: Symfony\Component\HttpKernel\Exception\NotFoundHttpException: No route found for "GET /bundles/nikoguitar/js/bootstrap-tab.js" (uncaught exception) at /Users/Nicolas/Sites/guitar/app/cache/prod/classes.php line 5135 [] []
[2013-02-24 16:34:04] request.ERROR: Symfony\Component\HttpKernel\Exception\NotFoundHttpException: No route found for "GET /bundles/nikoguitar/js/bootstrap-scrollspy.js" (uncaught exception) at /Users/Nicolas/Sites/guitar/app/cache/prod/classes.php line 5135 [] []
[2013-02-24 16:34:05] request.ERROR: Symfony\Component\HttpKernel\Exception\NotFoundHttpException: No route found for "GET /bundles/nikoguitar/js/bootstrap-modal.js" (uncaught exception) at /Users/Nicolas/Sites/guitar/app/cache/prod/classes.php line 5135 [] []
[2013-02-24 16:34:05] request.ERROR: Symfony\Component\HttpKernel\Exception\NotFoundHttpException: No route found for "GET /bundles/nikoguitar/js/bootstrap-transition.js" (uncaught exception) at /Users/Nicolas/Sites/guitar/app/cache/prod/classes.php line 5135 [] []
[2013-02-24 16:34:05] request.ERROR: Symfony\Component\HttpKernel\Exception\NotFoundHttpException: No route found for "GET /bundles/nikoguitar/js/bootstrap-dropdown.js" (uncaught exception) at /Users/Nicolas/Sites/guitar/app/cache/prod/classes.php line 5135 [] []
[2013-02-24 16:34:05] request.ERROR: Symfony\Component\HttpKernel\Exception\NotFoundHttpException: No route found for "GET /bundles/nikoguitar/js/jquery.js" (uncaught exception) at /Users/Nicolas/Sites/guitar/app/cache/prod/classes.php line 5135 [] []
[2013-02-24 16:34:05] request.ERROR: Symfony\Component\HttpKernel\Exception\NotFoundHttpException: No route found for "GET /bundles/nikoguitar/js/bootstrap-alert.js" (uncaught exception) at /Users/Nicolas/Sites/guitar/app/cache/prod/classes.php line 5135 [] []
[2013-02-24 16:35:21] request.ERROR: Symfony\Component\HttpKernel\Exception\NotFoundHttpException: No route found for "GET /bundles/nikoguitar/js/bootstrap-popover.js" (uncaught exception) at /Users/Nicolas/Sites/guitar/app/cache/prod/classes.php line 5135 [] []
[2013-02-24 16:35:21] request.ERROR: Symfony\Component\HttpKernel\Exception\NotFoundHttpException: No route found for "GET /bundles/nikoguitar/js/bootstrap-tooltip.js" (uncaught exception) at /Users/Nicolas/Sites/guitar/app/cache/prod/classes.php line 5135 [] []
[2013-02-24 16:35:21] request.ERROR: Symfony\Component\HttpKernel\Exception\NotFoundHttpException: No route found for "GET /bundles/nikoguitar/js/bootstrap-collapse.js" (uncaught exception) at /Users/Nicolas/Sites/guitar/app/cache/prod/classes.php line 5135 [] []
[2013-02-24 16:35:21] request.ERROR: Symfony\Component\HttpKernel\Exception\NotFoundHttpException: No route found for "GET /bundles/nikoguitar/js/bootstrap-button.js" (uncaught exception) at /Users/Nicolas/Sites/guitar/app/cache/prod/classes.php line 5135 [] []
[2013-02-24 16:35:21] request.ERROR: Symfony\Component\HttpKernel\Exception\NotFoundHttpException: No route found for "GET /bundles/nikoguitar/js/bootstrap-carousel.js" (uncaught exception) at /Users/Nicolas/Sites/guitar/app/cache/prod/classes.php line 5135 [] []
[2013-02-24 16:35:21] request.ERROR: Symfony\Component\HttpKernel\Exception\NotFoundHttpException: No route found for "GET /bundles/nikoguitar/js/bootstrap-typeahead.js" (uncaught exception) at /Users/Nicolas/Sites/guitar/app/cache/prod/classes.php line 5135 [] []
[2013-02-24 16:35:21] request.ERROR: Symfony\Component\HttpKernel\Exception\NotFoundHttpException: No route found for "GET /bundles/nikoguitar/js/bootstrap-transition.js" (uncaught exception) at /Users/Nicolas/Sites/guitar/app/cache/prod/classes.php line 5135 [] []
[2013-02-24 16:35:21] request.ERROR: Symfony\Component\HttpKernel\Exception\NotFoundHttpException: No route found for "GET /bundles/nikoguitar/js/bootstrap-tab.js" (uncaught exception) at /Users/Nicolas/Sites/guitar/app/cache/prod/classes.php line 5135 [] []
[2013-02-24 16:35:21] request.ERROR: Symfony\Component\HttpKernel\Exception\NotFoundHttpException: No route found for "GET /bundles/nikoguitar/js/bootstrap-alert.js" (uncaught exception) at /Users/Nicolas/Sites/guitar/app/cache/prod/classes.php line 5135 [] []
[2013-02-24 16:35:21] request.ERROR: Symfony\Component\HttpKernel\Exception\NotFoundHttpException: No route found for "GET /bundles/nikoguitar/js/bootstrap-scrollspy.js" (uncaught exception) at /Users/Nicolas/Sites/guitar/app/cache/prod/classes.php line 5135 [] []
[2013-02-24 16:35:21] request.ERROR: Symfony\Component\HttpKernel\Exception\NotFoundHttpException: No route found for "GET /bundles/nikoguitar/js/bootstrap-modal.js" (uncaught exception) at /Users/Nicolas/Sites/guitar/app/cache/prod/classes.php line 5135 [] []
[2013-02-24 16:35:21] request.ERROR: Symfony\Component\HttpKernel\Exception\NotFoundHttpException: No route found for "GET /bundles/nikoguitar/js/bootstrap-dropdown.js" (uncaught exception) at /Users/Nicolas/Sites/guitar/app/cache/prod/classes.php line 5135 [] []
[2013-02-24 16:35:21] request.ERROR: Symfony\Component\HttpKernel\Exception\NotFoundHttpException: No route found for "GET /bundles/nikoguitar/js/jquery.js" (uncaught exception) at /Users/Nicolas/Sites/guitar/app/cache/prod/classes.php line 5135 [] []
[2013-02-24 16:36:15] request.ERROR: Symfony\Component\HttpKernel\Exception\NotFoundHttpException: No route found for "GET /bundles/nikoguitar/js/bootstrap-collapse.js" (uncaught exception) at /Users/Nicolas/Sites/guitar/app/cache/prod/classes.php line 5135 [] []
[2013-02-24 16:36:15] request.ERROR: Symfony\Component\HttpKernel\Exception\NotFoundHttpException: No route found for "GET /bundles/nikoguitar/js/bootstrap-carousel.js" (uncaught exception) at /Users/Nicolas/Sites/guitar/app/cache/prod/classes.php line 5135 [] []
[2013-02-24 16:36:15] request.ERROR: Symfony\Component\HttpKernel\Exception\NotFoundHttpException: No route found for "GET /bundles/nikoguitar/js/bootstrap-tooltip.js" (uncaught exception) at /Users/Nicolas/Sites/guitar/app/cache/prod/classes.php line 5135 [] []
[2013-02-24 16:36:15] request.ERROR: Symfony\Component\HttpKernel\Exception\NotFoundHttpException: No route found for "GET /bundles/nikoguitar/js/bootstrap-popover.js" (uncaught exception) at /Users/Nicolas/Sites/guitar/app/cache/prod/classes.php line 5135 [] []
[2013-02-24 16:36:15] request.ERROR: Symfony\Component\HttpKernel\Exception\NotFoundHttpException: No route found for "GET /bundles/nikoguitar/js/bootstrap-typeahead.js" (uncaught exception) at /Users/Nicolas/Sites/guitar/app/cache/prod/classes.php line 5135 [] []
[2013-02-24 16:36:15] request.ERROR: Symfony\Component\HttpKernel\Exception\NotFoundHttpException: No route found for "GET /bundles/nikoguitar/js/bootstrap-tab.js" (uncaught exception) at /Users/Nicolas/Sites/guitar/app/cache/prod/classes.php line 5135 [] []
[2013-02-24 16:36:15] request.ERROR: Symfony\Component\HttpKernel\Exception\NotFoundHttpException: No route found for "GET /bundles/nikoguitar/js/bootstrap-scrollspy.js" (uncaught exception) at /Users/Nicolas/Sites/guitar/app/cache/prod/classes.php line 5135 [] []
[2013-02-24 16:36:15] request.ERROR: Symfony\Component\HttpKernel\Exception\NotFoundHttpException: No route found for "GET /bundles/nikoguitar/js/bootstrap-modal.js" (uncaught exception) at /Users/Nicolas/Sites/guitar/app/cache/prod/classes.php line 5135 [] []
[2013-02-24 16:36:15] request.ERROR: Symfony\Component\HttpKernel\Exception\NotFoundHttpException: No route found for "GET /bundles/nikoguitar/js/bootstrap-alert.js" (uncaught exception) at /Users/Nicolas/Sites/guitar/app/cache/prod/classes.php line 5135 [] []
[2013-02-24 16:36:15] request.ERROR: Symfony\Component\HttpKernel\Exception\NotFoundHttpException: No route found for "GET /bundles/nikoguitar/js/bootstrap-transition.js" (uncaught exception) at /Users/Nicolas/Sites/guitar/app/cache/prod/classes.php line 5135 [] []
[2013-02-24 16:36:15] request.ERROR: Symfony\Component\HttpKernel\Exception\NotFoundHttpException: No route found for "GET /bundles/nikoguitar/js/jquery.js" (uncaught exception) at /Users/Nicolas/Sites/guitar/app/cache/prod/classes.php line 5135 [] []
[2013-02-24 16:36:15] request.ERROR: Symfony\Component\HttpKernel\Exception\NotFoundHttpException: No route found for "GET /bundles/nikoguitar/js/bootstrap-dropdown.js" (uncaught exception) at /Users/Nicolas/Sites/guitar/app/cache/prod/classes.php line 5135 [] []
[2013-02-24 16:36:15] request.ERROR: Symfony\Component\HttpKernel\Exception\NotFoundHttpException: No route found for "GET /bundles/nikoguitar/js/bootstrap-button.js" (uncaught exception) at /Users/Nicolas/Sites/guitar/app/cache/prod/classes.php line 5135 [] []
[2013-02-24 16:37:07] request.ERROR: Symfony\Component\HttpKernel\Exception\NotFoundHttpException: No route found for "GET /bundles/nikoguitar/js/bootstrap-carousel.js" (uncaught exception) at /Users/Nicolas/Sites/guitar/app/cache/prod/classes.php line 5135 [] []
[2013-02-24 16:37:07] request.ERROR: Symfony\Component\HttpKernel\Exception\NotFoundHttpException: No route found for "GET /bundles/nikoguitar/js/jquery.js" (uncaught exception) at /Users/Nicolas/Sites/guitar/app/cache/prod/classes.php line 5135 [] []
[2013-02-24 16:37:07] request.ERROR: Symfony\Component\HttpKernel\Exception\NotFoundHttpException: No route found for "GET /bundles/nikoguitar/js/bootstrap-typeahead.js" (uncaught exception) at /Users/Nicolas/Sites/guitar/app/cache/prod/classes.php line 5135 [] []
[2013-02-24 16:37:07] request.ERROR: Symfony\Component\HttpKernel\Exception\NotFoundHttpException: No route found for "GET /bundles/nikoguitar/js/bootstrap-collapse.js" (uncaught exception) at /Users/Nicolas/Sites/guitar/app/cache/prod/classes.php line 5135 [] []
[2013-02-24 16:37:07] request.ERROR: Symfony\Component\HttpKernel\Exception\NotFoundHttpException: No route found for "GET /bundles/nikoguitar/js/bootstrap-button.js" (uncaught exception) at /Users/Nicolas/Sites/guitar/app/cache/prod/classes.php line 5135 [] []
[2013-02-24 16:37:07] request.ERROR: Symfony\Component\HttpKernel\Exception\NotFoundHttpException: No route found for "GET /bundles/nikoguitar/js/bootstrap-transition.js" (uncaught exception) at /Users/Nicolas/Sites/guitar/app/cache/prod/classes.php line 5135 [] []
[2013-02-24 16:37:07] request.ERROR: Symfony\Component\HttpKernel\Exception\NotFoundHttpException: No route found for "GET /bundles/nikoguitar/js/bootstrap-popover.js" (uncaught exception) at /Users/Nicolas/Sites/guitar/app/cache/prod/classes.php line 5135 [] []
[2013-02-24 16:37:07] request.ERROR: Symfony\Component\HttpKernel\Exception\NotFoundHttpException: No route found for "GET /bundles/nikoguitar/js/bootstrap-tooltip.js" (uncaught exception) at /Users/Nicolas/Sites/guitar/app/cache/prod/classes.php line 5135 [] []
[2013-02-24 16:37:07] request.ERROR: Symfony\Component\HttpKernel\Exception\NotFoundHttpException: No route found for "GET /bundles/nikoguitar/js/bootstrap-tab.js" (uncaught exception) at /Users/Nicolas/Sites/guitar/app/cache/prod/classes.php line 5135 [] []
[2013-02-24 16:37:07] request.ERROR: Symfony\Component\HttpKernel\Exception\NotFoundHttpException: No route found for "GET /bundles/nikoguitar/js/bootstrap-scrollspy.js" (uncaught exception) at /Users/Nicolas/Sites/guitar/app/cache/prod/classes.php line 5135 [] []
[2013-02-24 16:37:07] request.ERROR: Symfony\Component\HttpKernel\Exception\NotFoundHttpException: No route found for "GET /bundles/nikoguitar/js/bootstrap-alert.js" (uncaught exception) at /Users/Nicolas/Sites/guitar/app/cache/prod/classes.php line 5135 [] []
[2013-02-24 16:37:07] request.ERROR: Symfony\Component\HttpKernel\Exception\NotFoundHttpException: No route found for "GET /bundles/nikoguitar/js/bootstrap-dropdown.js" (uncaught exception) at /Users/Nicolas/Sites/guitar/app/cache/prod/classes.php line 5135 [] []
[2013-02-24 16:37:07] request.ERROR: Symfony\Component\HttpKernel\Exception\NotFoundHttpException: No route found for "GET /bundles/nikoguitar/js/bootstrap-modal.js" (uncaught exception) at /Users/Nicolas/Sites/guitar/app/cache/prod/classes.php line 5135 [] []
[2013-02-24 16:40:00] request.ERROR: Symfony\Component\HttpKernel\Exception\NotFoundHttpException: No route found for "GET /bundles/nikoguitar/js/bootstrap-alert.js" (uncaught exception) at /Users/Nicolas/Sites/guitar/app/cache/prod/classes.php line 5135 [] []
[2013-02-24 16:40:00] request.ERROR: Symfony\Component\HttpKernel\Exception\NotFoundHttpException: No route found for "GET /bundles/nikoguitar/js/jquery.js" (uncaught exception) at /Users/Nicolas/Sites/guitar/app/cache/prod/classes.php line 5135 [] []
[2013-02-24 16:40:00] request.ERROR: Symfony\Component\HttpKernel\Exception\NotFoundHttpException: No route found for "GET /bundles/nikoguitar/js/bootstrap-transition.js" (uncaught exception) at /Users/Nicolas/Sites/guitar/app/cache/prod/classes.php line 5135 [] []
[2013-02-24 16:40:00] request.ERROR: Symfony\Component\HttpKernel\Exception\NotFoundHttpException: No route found for "GET /bundles/nikoguitar/js/bootstrap-modal.js" (uncaught exception) at /Users/Nicolas/Sites/guitar/app/cache/prod/classes.php line 5135 [] []
[2013-02-24 16:40:00] request.ERROR: Symfony\Component\HttpKernel\Exception\NotFoundHttpException: No route found for "GET /bundles/nikoguitar/js/bootstrap-tab.js" (uncaught exception) at /Users/Nicolas/Sites/guitar/app/cache/prod/classes.php line 5135 [] []
[2013-02-24 16:40:00] request.ERROR: Symfony\Component\HttpKernel\Exception\NotFoundHttpException: No route found for "GET /bundles/nikoguitar/js/bootstrap-scrollspy.js" (uncaught exception) at /Users/Nicolas/Sites/guitar/app/cache/prod/classes.php line 5135 [] []
[2013-02-24 16:40:00] request.ERROR: Symfony\Component\HttpKernel\Exception\NotFoundHttpException: No route found for "GET /bundles/nikoguitar/js/bootstrap-dropdown.js" (uncaught exception) at /Users/Nicolas/Sites/guitar/app/cache/prod/classes.php line 5135 [] []
[2013-02-24 16:40:00] request.ERROR: Symfony\Component\HttpKernel\Exception\NotFoundHttpException: No route found for "GET /bundles/nikoguitar/js/bootstrap-tooltip.js" (uncaught exception) at /Users/Nicolas/Sites/guitar/app/cache/prod/classes.php line 5135 [] []
[2013-02-24 16:40:00] request.ERROR: Symfony\Component\HttpKernel\Exception\NotFoundHttpException: No route found for "GET /bundles/nikoguitar/js/bootstrap-popover.js" (uncaught exception) at /Users/Nicolas/Sites/guitar/app/cache/prod/classes.php line 5135 [] []
[2013-02-24 16:40:00] request.ERROR: Symfony\Component\HttpKernel\Exception\NotFoundHttpException: No route found for "GET /bundles/nikoguitar/js/bootstrap-collapse.js" (uncaught exception) at /Users/Nicolas/Sites/guitar/app/cache/prod/classes.php line 5135 [] []
[2013-02-24 16:40:00] request.ERROR: Symfony\Component\HttpKernel\Exception\NotFoundHttpException: No route found for "GET /bundles/nikoguitar/js/bootstrap-carousel.js" (uncaught exception) at /Users/Nicolas/Sites/guitar/app/cache/prod/classes.php line 5135 [] []
[2013-02-24 16:40:00] request.ERROR: Symfony\Component\HttpKernel\Exception\NotFoundHttpException: No route found for "GET /bundles/nikoguitar/js/bootstrap-button.js" (uncaught exception) at /Users/Nicolas/Sites/guitar/app/cache/prod/classes.php line 5135 [] []
[2013-02-24 16:40:00] request.ERROR: Symfony\Component\HttpKernel\Exception\NotFoundHttpException: No route found for "GET /bundles/nikoguitar/js/bootstrap-typeahead.js" (uncaught exception) at /Users/Nicolas/Sites/guitar/app/cache/prod/classes.php line 5135 [] []
[2013-02-24 16:40:00] request.ERROR: Symfony\Component\HttpKernel\Exception\NotFoundHttpException: No route found for "GET /bundles/nikoguitar/js/bootstrap-alert.js" (uncaught exception) at /Users/Nicolas/Sites/guitar/app/cache/prod/classes.php line 5135 [] []
[2013-02-24 16:40:00] request.ERROR: Symfony\Component\HttpKernel\Exception\NotFoundHttpException: No route found for "GET /bundles/nikoguitar/js/bootstrap-modal.js" (uncaught exception) at /Users/Nicolas/Sites/guitar/app/cache/prod/classes.php line 5135 [] []
[2013-02-24 16:40:00] request.ERROR: Symfony\Component\HttpKernel\Exception\NotFoundHttpException: No route found for "GET /bundles/nikoguitar/js/bootstrap-dropdown.js" (uncaught exception) at /Users/Nicolas/Sites/guitar/app/cache/prod/classes.php line 5135 [] []
[2013-02-24 16:40:00] request.ERROR: Symfony\Component\HttpKernel\Exception\NotFoundHttpException: No route found for "GET /bundles/nikoguitar/js/bootstrap-scrollspy.js" (uncaught exception) at /Users/Nicolas/Sites/guitar/app/cache/prod/classes.php line 5135 [] []
[2013-02-24 16:40:01] request.ERROR: Symfony\Component\HttpKernel\Exception\NotFoundHttpException: No route found for "GET /bundles/nikoguitar/js/bootstrap-tab.js" (uncaught exception) at /Users/Nicolas/Sites/guitar/app/cache/prod/classes.php line 5135 [] []
[2013-02-24 16:40:01] request.ERROR: Symfony\Component\HttpKernel\Exception\NotFoundHttpException: No route found for "GET /bundles/nikoguitar/js/bootstrap-tooltip.js" (uncaught exception) at /Users/Nicolas/Sites/guitar/app/cache/prod/classes.php line 5135 [] []
[2013-02-24 16:40:01] request.ERROR: Symfony\Component\HttpKernel\Exception\NotFoundHttpException: No route found for "GET /bundles/nikoguitar/js/bootstrap-popover.js" (uncaught exception) at /Users/Nicolas/Sites/guitar/app/cache/prod/classes.php line 5135 [] []
[2013-02-24 16:40:01] request.ERROR: Symfony\Component\HttpKernel\Exception\NotFoundHttpException: No route found for "GET /bundles/nikoguitar/js/bootstrap-button.js" (uncaught exception) at /Users/Nicolas/Sites/guitar/app/cache/prod/classes.php line 5135 [] []
[2013-02-24 16:40:01] request.ERROR: Symfony\Component\HttpKernel\Exception\NotFoundHttpException: No route found for "GET /bundles/nikoguitar/js/bootstrap-collapse.js" (uncaught exception) at /Users/Nicolas/Sites/guitar/app/cache/prod/classes.php line 5135 [] []
[2013-02-24 16:40:01] request.ERROR: Symfony\Component\HttpKernel\Exception\NotFoundHttpException: No route found for "GET /bundles/nikoguitar/js/bootstrap-carousel.js" (uncaught exception) at /Users/Nicolas/Sites/guitar/app/cache/prod/classes.php line 5135 [] []
[2013-02-24 16:40:01] request.ERROR: Symfony\Component\HttpKernel\Exception\NotFoundHttpException: No route found for "GET /bundles/nikoguitar/js/bootstrap-typeahead.js" (uncaught exception) at /Users/Nicolas/Sites/guitar/app/cache/prod/classes.php line 5135 [] []
[2013-02-24 16:48:09] request.ERROR: Symfony\Component\HttpKernel\Exception\NotFoundHttpException: No route found for "GET /bundles/nikoguitar/js/bootstrap-scrollspy.js" (uncaught exception) at /Users/Nicolas/Sites/guitar/app/cache/prod/classes.php line 5135 [] []
[2013-02-24 16:48:27] request.ERROR: Symfony\Component\HttpKernel\Exception\NotFoundHttpException: No route found for "GET /bundles/nikoguitar/js/jquery.js" (uncaught exception) at /Users/Nicolas/Sites/guitar/app/cache/prod/classes.php line 5135 [] []
[2013-02-24 16:55:04] request.ERROR: Symfony\Component\HttpKernel\Exception\NotFoundHttpException: No route found for "GET /bundles/nikoguitar/js/jquery.js" (uncaught exception) at /Users/Nicolas/Sites/guitar/app/cache/prod/classes.php line 5135 [] []
[2013-02-24 16:55:11] request.ERROR: Symfony\Component\HttpKernel\Exception\NotFoundHttpException: No route found for "GET /bundles/nikoguitar/js/jquery.js" (uncaught exception) at /Users/Nicolas/Sites/guitar/app/cache/prod/classes.php line 5135 [] []
[2013-02-24 16:55:12] request.ERROR: Symfony\Component\HttpKernel\Exception\NotFoundHttpException: No route found for "GET /bundles/nikoguitar/js/jquery.js" (uncaught exception) at /Users/Nicolas/Sites/guitar/app/cache/prod/classes.php line 5135 [] []
[2013-02-24 16:55:12] request.ERROR: Symfony\Component\HttpKernel\Exception\NotFoundHttpException: No route found for "GET /bundles/nikoguitar/js/jquery.js" (uncaught exception) at /Users/Nicolas/Sites/guitar/app/cache/prod/classes.php line 5135 [] []
[2013-02-24 16:55:12] request.ERROR: Symfony\Component\HttpKernel\Exception\NotFoundHttpException: No route found for "GET /bundles/nikoguitar/js/jquery.js" (uncaught exception) at /Users/Nicolas/Sites/guitar/app/cache/prod/classes.php line 5135 [] []
[2013-02-24 16:57:07] request.ERROR: Symfony\Component\HttpKernel\Exception\NotFoundHttpException: No route found for "GET /bundles/nikoguitar/js/jquery.js" (uncaught exception) at /Users/Nicolas/Sites/guitar/app/cache/prod/classes.php line 5135 [] []
[2013-02-24 16:58:16] request.ERROR: Symfony\Component\HttpKernel\Exception\NotFoundHttpException: No route found for "GET /bundles/nikoguitar/js/jquery.js" (uncaught exception) at /Users/Nicolas/Sites/guitar/app/cache/prod/classes.php line 5135 [] []
[2013-02-24 16:59:21] request.ERROR: Symfony\Component\HttpKernel\Exception\NotFoundHttpException: No route found for "GET /bundles/nikoguitar/js/jquery.js" (uncaught exception) at /Users/Nicolas/Sites/guitar/app/cache/prod/classes.php line 5135 [] []
[2013-02-24 17:01:25] request.ERROR: Symfony\Component\HttpKernel\Exception\NotFoundHttpException: No route found for "GET /bundles/nikoguitar/js/jquery.js" (uncaught exception) at /Users/Nicolas/Sites/guitar/app/cache/prod/classes.php line 5135 [] []
[2013-02-24 17:01:29] request.ERROR: Symfony\Component\HttpKernel\Exception\NotFoundHttpException: No route found for "GET /bundles/nikoguitar/js/jquery.js" (uncaught exception) at /Users/Nicolas/Sites/guitar/app/cache/prod/classes.php line 5135 [] []
[2013-02-24 17:01:36] request.ERROR: Symfony\Component\HttpKernel\Exception\NotFoundHttpException: No route found for "GET /bundles/nikoguitar/js/jquery.js" (uncaught exception) at /Users/Nicolas/Sites/guitar/app/cache/prod/classes.php line 5135 [] []
[2013-02-24 17:02:01] request.ERROR: Symfony\Component\HttpKernel\Exception\NotFoundHttpException: No route found for "GET /bundles/nikoguitar/js/jquery.js" (uncaught exception) at /Users/Nicolas/Sites/guitar/app/cache/prod/classes.php line 5135 [] []
[2013-02-24 17:03:53] request.ERROR: Symfony\Component\HttpKernel\Exception\NotFoundHttpException: No route found for "GET /bundles/nikoguitar/js/jquery.js" (uncaught exception) at /Users/Nicolas/Sites/guitar/app/cache/prod/classes.php line 5135 [] []
